ERROR - 2025-05-21 19:53:16 --> mysqli_sql_exception: Table 'db-simasjid-ci4.tbl_setting' doesn't exist in C:\laragon\www\sistem-informasi-masjid\system\Database\MySQLi\Connection.php:327
Stack trace:
#0 C:\laragon\www\sistem-informasi-masjid\system\Database\MySQLi\Connection.php(327): mysqli->query('SELECT *\nFROM `...', 0)
#1 C:\laragon\www\sistem-informasi-masjid\system\Database\BaseConnection.php(738): CodeIgniter\Database\MySQLi\Connection->execute('SELECT *\nFROM `...')
#2 C:\laragon\www\sistem-informasi-masjid\system\Database\BaseConnection.php(652): CodeIgniter\Database\BaseConnection->simpleQuery('SELECT *\nFROM `...')
#3 C:\laragon\www\sistem-informasi-masjid\system\Database\BaseBuilder.php(1649): CodeIgniter\Database\BaseConnection->query('SELECT *\nFROM `...', Array, false)
#4 C:\laragon\www\sistem-informasi-masjid\app\Models\ModelAdmin.php(13): CodeIgniter\Database\BaseBuilder->get()
#5 C:\laragon\www\sistem-informasi-masjid\app\Controllers\Home.php(19): App\Models\ModelAdmin->ViewSetting()
#6 C:\laragon\www\sistem-informasi-masjid\system\CodeIgniter.php(933): App\Controllers\Home->index()
#7 C:\laragon\www\sistem-informasi-masjid\system\CodeIgniter.php(507): CodeIgniter\CodeIgniter->runController(Object(App\Controllers\Home))
#8 C:\laragon\www\sistem-informasi-masjid\system\CodeIgniter.php(354): CodeIgniter\CodeIgniter->handleRequest(NULL, Object(Config\Cache), false)
#9 C:\laragon\www\sistem-informasi-masjid\system\Boot.php(334): CodeIgniter\CodeIgniter->run()
#10 C:\laragon\www\sistem-informasi-masjid\system\Boot.php(67): CodeIgniter\Boot::runCodeIgniter(Object(CodeIgniter\CodeIgniter))
#11 C:\laragon\www\sistem-informasi-masjid\public\index.php(56): CodeIgniter\Boot::bootWeb(Object(Config\Paths))
#12 {main}
CRITICAL - 2025-05-21 19:53:16 --> CodeIgniter\Database\Exceptions\DatabaseException: Table 'db-simasjid-ci4.tbl_setting' doesn't exist
[Method: GET, Route: /]
in SYSTEMPATH\Database\BaseConnection.php on line 692.
 1 SYSTEMPATH\Database\BaseBuilder.php(1649): CodeIgniter\Database\BaseConnection->query('SELECT *
FROM `tbl_setting`
WHERE `id` = :id:', [...], false)
 2 APPPATH\Models\ModelAdmin.php(13): CodeIgniter\Database\BaseBuilder->get()
 3 APPPATH\Controllers\Home.php(19): App\Models\ModelAdmin->ViewSetting()
 4 SYSTEMPATH\CodeIgniter.php(933): App\Controllers\Home->index()
 5 SYSTEMPATH\CodeIgniter.php(507): CodeIgniter\CodeIgniter->runController(Object(App\Controllers\Home))
 6 SYSTEMPATH\CodeIgniter.php(354): CodeIgniter\CodeIgniter->handleRequest(null, Object(Config\Cache), false)
 7 SYSTEMPATH\Boot.php(334): CodeIgniter\CodeIgniter->run()
 8 SYSTEMPATH\Boot.php(67): CodeIgniter\Boot::runCodeIgniter(Object(CodeIgniter\CodeIgniter))
 9 FCPATH\index.php(56): CodeIgniter\Boot::bootWeb(Object(Config\Paths))
CRITICAL - 2025-05-21 19:53:16 --> [Caused by] CodeIgniter\Database\Exceptions\DatabaseException: Table 'db-simasjid-ci4.tbl_setting' doesn't exist
in SYSTEMPATH\Database\MySQLi\Connection.php on line 332.
 1 SYSTEMPATH\Database\BaseConnection.php(738): CodeIgniter\Database\MySQLi\Connection->execute('SELECT *
FROM `tbl_setting`
WHERE `id` = 1')
 2 SYSTEMPATH\Database\BaseConnection.php(652): CodeIgniter\Database\BaseConnection->simpleQuery('SELECT *
FROM `tbl_setting`
WHERE `id` = 1')
 3 SYSTEMPATH\Database\BaseBuilder.php(1649): CodeIgniter\Database\BaseConnection->query('SELECT *
FROM `tbl_setting`
WHERE `id` = :id:', [...], false)
 4 APPPATH\Models\ModelAdmin.php(13): CodeIgniter\Database\BaseBuilder->get()
 5 APPPATH\Controllers\Home.php(19): App\Models\ModelAdmin->ViewSetting()
 6 SYSTEMPATH\CodeIgniter.php(933): App\Controllers\Home->index()
 7 SYSTEMPATH\CodeIgniter.php(507): CodeIgniter\CodeIgniter->runController(Object(App\Controllers\Home))
 8 SYSTEMPATH\CodeIgniter.php(354): CodeIgniter\CodeIgniter->handleRequest(null, Object(Config\Cache), false)
 9 SYSTEMPATH\Boot.php(334): CodeIgniter\CodeIgniter->run()
10 SYSTEMPATH\Boot.php(67): CodeIgniter\Boot::runCodeIgniter(Object(CodeIgniter\CodeIgniter))
11 FCPATH\index.php(56): CodeIgniter\Boot::bootWeb(Object(Config\Paths))
CRITICAL - 2025-05-21 19:53:16 --> [Caused by] mysqli_sql_exception: Table 'db-simasjid-ci4.tbl_setting' doesn't exist
in SYSTEMPATH\Database\MySQLi\Connection.php on line 327.
 1 SYSTEMPATH\Database\MySQLi\Connection.php(327): mysqli->query('SELECT *
FROM `tbl_setting`
WHERE `id` = 1', 0)
 2 SYSTEMPATH\Database\BaseConnection.php(738): CodeIgniter\Database\MySQLi\Connection->execute('SELECT *
FROM `tbl_setting`
WHERE `id` = 1')
 3 SYSTEMPATH\Database\BaseConnection.php(652): CodeIgniter\Database\BaseConnection->simpleQuery('SELECT *
FROM `tbl_setting`
WHERE `id` = 1')
 4 SYSTEMPATH\Database\BaseBuilder.php(1649): CodeIgniter\Database\BaseConnection->query('SELECT *
FROM `tbl_setting`
WHERE `id` = :id:', [...], false)
 5 APPPATH\Models\ModelAdmin.php(13): CodeIgniter\Database\BaseBuilder->get()
 6 APPPATH\Controllers\Home.php(19): App\Models\ModelAdmin->ViewSetting()
 7 SYSTEMPATH\CodeIgniter.php(933): App\Controllers\Home->index()
 8 SYSTEMPATH\CodeIgniter.php(507): CodeIgniter\CodeIgniter->runController(Object(App\Controllers\Home))
 9 SYSTEMPATH\CodeIgniter.php(354): CodeIgniter\CodeIgniter->handleRequest(null, Object(Config\Cache), false)
10 SYSTEMPATH\Boot.php(334): CodeIgniter\CodeIgniter->run()
11 SYSTEMPATH\Boot.php(67): CodeIgniter\Boot::runCodeIgniter(Object(CodeIgniter\CodeIgniter))
12 FCPATH\index.php(56): CodeIgniter\Boot::bootWeb(Object(Config\Paths))
ERROR - 2025-05-21 19:53:47 --> mysqli_sql_exception: Table 'db-simasjid-ci4.tbl_setting' doesn't exist in C:\laragon\www\sistem-informasi-masjid\system\Database\MySQLi\Connection.php:327
Stack trace:
#0 C:\laragon\www\sistem-informasi-masjid\system\Database\MySQLi\Connection.php(327): mysqli->query('SELECT *\nFROM `...', 0)
#1 C:\laragon\www\sistem-informasi-masjid\system\Database\BaseConnection.php(738): CodeIgniter\Database\MySQLi\Connection->execute('SELECT *\nFROM `...')
#2 C:\laragon\www\sistem-informasi-masjid\system\Database\BaseConnection.php(652): CodeIgniter\Database\BaseConnection->simpleQuery('SELECT *\nFROM `...')
#3 C:\laragon\www\sistem-informasi-masjid\system\Database\BaseBuilder.php(1649): CodeIgniter\Database\BaseConnection->query('SELECT *\nFROM `...', Array, false)
#4 C:\laragon\www\sistem-informasi-masjid\app\Models\ModelAdmin.php(13): CodeIgniter\Database\BaseBuilder->get()
#5 C:\laragon\www\sistem-informasi-masjid\app\Controllers\Home.php(19): App\Models\ModelAdmin->ViewSetting()
#6 C:\laragon\www\sistem-informasi-masjid\system\CodeIgniter.php(933): App\Controllers\Home->index()
#7 C:\laragon\www\sistem-informasi-masjid\system\CodeIgniter.php(507): CodeIgniter\CodeIgniter->runController(Object(App\Controllers\Home))
#8 C:\laragon\www\sistem-informasi-masjid\system\CodeIgniter.php(354): CodeIgniter\CodeIgniter->handleRequest(NULL, Object(Config\Cache), false)
#9 C:\laragon\www\sistem-informasi-masjid\system\Boot.php(334): CodeIgniter\CodeIgniter->run()
#10 C:\laragon\www\sistem-informasi-masjid\system\Boot.php(67): CodeIgniter\Boot::runCodeIgniter(Object(CodeIgniter\CodeIgniter))
#11 C:\laragon\www\sistem-informasi-masjid\public\index.php(56): CodeIgniter\Boot::bootWeb(Object(Config\Paths))
#12 {main}
CRITICAL - 2025-05-21 19:53:47 --> CodeIgniter\Database\Exceptions\DatabaseException: Table 'db-simasjid-ci4.tbl_setting' doesn't exist
[Method: GET, Route: /]
in SYSTEMPATH\Database\BaseConnection.php on line 692.
 1 SYSTEMPATH\Database\BaseBuilder.php(1649): CodeIgniter\Database\BaseConnection->query('SELECT *
FROM `tbl_setting`
WHERE `id` = :id:', [...], false)
 2 APPPATH\Models\ModelAdmin.php(13): CodeIgniter\Database\BaseBuilder->get()
 3 APPPATH\Controllers\Home.php(19): App\Models\ModelAdmin->ViewSetting()
 4 SYSTEMPATH\CodeIgniter.php(933): App\Controllers\Home->index()
 5 SYSTEMPATH\CodeIgniter.php(507): CodeIgniter\CodeIgniter->runController(Object(App\Controllers\Home))
 6 SYSTEMPATH\CodeIgniter.php(354): CodeIgniter\CodeIgniter->handleRequest(null, Object(Config\Cache), false)
 7 SYSTEMPATH\Boot.php(334): CodeIgniter\CodeIgniter->run()
 8 SYSTEMPATH\Boot.php(67): CodeIgniter\Boot::runCodeIgniter(Object(CodeIgniter\CodeIgniter))
 9 FCPATH\index.php(56): CodeIgniter\Boot::bootWeb(Object(Config\Paths))
CRITICAL - 2025-05-21 19:53:47 --> [Caused by] CodeIgniter\Database\Exceptions\DatabaseException: Table 'db-simasjid-ci4.tbl_setting' doesn't exist
in SYSTEMPATH\Database\MySQLi\Connection.php on line 332.
 1 SYSTEMPATH\Database\BaseConnection.php(738): CodeIgniter\Database\MySQLi\Connection->execute('SELECT *
FROM `tbl_setting`
WHERE `id` = 1')
 2 SYSTEMPATH\Database\BaseConnection.php(652): CodeIgniter\Database\BaseConnection->simpleQuery('SELECT *
FROM `tbl_setting`
WHERE `id` = 1')
 3 SYSTEMPATH\Database\BaseBuilder.php(1649): CodeIgniter\Database\BaseConnection->query('SELECT *
FROM `tbl_setting`
WHERE `id` = :id:', [...], false)
 4 APPPATH\Models\ModelAdmin.php(13): CodeIgniter\Database\BaseBuilder->get()
 5 APPPATH\Controllers\Home.php(19): App\Models\ModelAdmin->ViewSetting()
 6 SYSTEMPATH\CodeIgniter.php(933): App\Controllers\Home->index()
 7 SYSTEMPATH\CodeIgniter.php(507): CodeIgniter\CodeIgniter->runController(Object(App\Controllers\Home))
 8 SYSTEMPATH\CodeIgniter.php(354): CodeIgniter\CodeIgniter->handleRequest(null, Object(Config\Cache), false)
 9 SYSTEMPATH\Boot.php(334): CodeIgniter\CodeIgniter->run()
10 SYSTEMPATH\Boot.php(67): CodeIgniter\Boot::runCodeIgniter(Object(CodeIgniter\CodeIgniter))
11 FCPATH\index.php(56): CodeIgniter\Boot::bootWeb(Object(Config\Paths))
CRITICAL - 2025-05-21 19:53:47 --> [Caused by] mysqli_sql_exception: Table 'db-simasjid-ci4.tbl_setting' doesn't exist
in SYSTEMPATH\Database\MySQLi\Connection.php on line 327.
 1 SYSTEMPATH\Database\MySQLi\Connection.php(327): mysqli->query('SELECT *
FROM `tbl_setting`
WHERE `id` = 1', 0)
 2 SYSTEMPATH\Database\BaseConnection.php(738): CodeIgniter\Database\MySQLi\Connection->execute('SELECT *
FROM `tbl_setting`
WHERE `id` = 1')
 3 SYSTEMPATH\Database\BaseConnection.php(652): CodeIgniter\Database\BaseConnection->simpleQuery('SELECT *
FROM `tbl_setting`
WHERE `id` = 1')
 4 SYSTEMPATH\Database\BaseBuilder.php(1649): CodeIgniter\Database\BaseConnection->query('SELECT *
FROM `tbl_setting`
WHERE `id` = :id:', [...], false)
 5 APPPATH\Models\ModelAdmin.php(13): CodeIgniter\Database\BaseBuilder->get()
 6 APPPATH\Controllers\Home.php(19): App\Models\ModelAdmin->ViewSetting()
 7 SYSTEMPATH\CodeIgniter.php(933): App\Controllers\Home->index()
 8 SYSTEMPATH\CodeIgniter.php(507): CodeIgniter\CodeIgniter->runController(Object(App\Controllers\Home))
 9 SYSTEMPATH\CodeIgniter.php(354): CodeIgniter\CodeIgniter->handleRequest(null, Object(Config\Cache), false)
10 SYSTEMPATH\Boot.php(334): CodeIgniter\CodeIgniter->run()
11 SYSTEMPATH\Boot.php(67): CodeIgniter\Boot::runCodeIgniter(Object(CodeIgniter\CodeIgniter))
12 FCPATH\index.php(56): CodeIgniter\Boot::bootWeb(Object(Config\Paths))
DEBUG - 2025-05-21 20:15:27 --> Session: Class initialized using 'CodeIgniter\Session\Handlers\FileHandler' driver.
DEBUG - 2025-05-21 20:15:37 --> Session: Class initialized using 'CodeIgniter\Session\Handlers\FileHandler' driver.
DEBUG - 2025-05-21 20:15:42 --> Session: Class initialized using 'CodeIgniter\Session\Handlers\FileHandler' driver.
DEBUG - 2025-05-21 20:19:11 --> Session: Class initialized using 'CodeIgniter\Session\Handlers\FileHandler' driver.
DEBUG - 2025-05-21 21:12:34 --> Session: Class initialized using 'CodeIgniter\Session\Handlers\FileHandler' driver.
CRITICAL - 2025-05-21 21:12:50 --> CodeIgniter\View\Exceptions\ViewException: File tidak valid: kas-masjid/v_rekap_kas_masjid.php
[Method: GET, Route: KasMasjid]
in SYSTEMPATH\Exceptions\FrameworkException.php on line 39.
 1 SYSTEMPATH\View\View.php(212): CodeIgniter\Exceptions\FrameworkException::forInvalidFile('kas-masjid/v_rekap_kas_masjid.php')
 2 SYSTEMPATH\Common.php(1173): CodeIgniter\View\View->render('kas-masjid/v_rekap_kas_masjid', [], true)
 3 APPPATH\Views\v_template_admin.php(255): view('kas-masjid/v_rekap_kas_masjid')
 4 SYSTEMPATH\View\View.php(224): include('C:\\laragon\\www\\sistem-informasi-masjid\\app\\Views\\v_template_admin.php')
 5 SYSTEMPATH\View\View.php(227): CodeIgniter\View\View->CodeIgniter\View\{closure}()
 6 SYSTEMPATH\Common.php(1173): CodeIgniter\View\View->render('v_template_admin', [], true)
 7 APPPATH\Controllers\KasMasjid.php(25): view('v_template_admin', [...])
 8 SYSTEMPATH\CodeIgniter.php(933): App\Controllers\KasMasjid->index()
 9 SYSTEMPATH\CodeIgniter.php(507): CodeIgniter\CodeIgniter->runController(Object(App\Controllers\KasMasjid))
10 SYSTEMPATH\CodeIgniter.php(354): CodeIgniter\CodeIgniter->handleRequest(null, Object(Config\Cache), false)
11 SYSTEMPATH\Boot.php(334): CodeIgniter\CodeIgniter->run()
12 SYSTEMPATH\Boot.php(67): CodeIgniter\Boot::runCodeIgniter(Object(CodeIgniter\CodeIgniter))
13 FCPATH\index.php(56): CodeIgniter\Boot::bootWeb(Object(Config\Paths))
CRITICAL - 2025-05-21 21:12:53 --> CodeIgniter\View\Exceptions\ViewException: File tidak valid: kas-masjid/v_rekap_kas_masjid.php
[Method: GET, Route: KasMasjid]
in SYSTEMPATH\Exceptions\FrameworkException.php on line 39.
 1 SYSTEMPATH\View\View.php(212): CodeIgniter\Exceptions\FrameworkException::forInvalidFile('kas-masjid/v_rekap_kas_masjid.php')
 2 SYSTEMPATH\Common.php(1173): CodeIgniter\View\View->render('kas-masjid/v_rekap_kas_masjid', [], true)
 3 APPPATH\Views\v_template_admin.php(255): view('kas-masjid/v_rekap_kas_masjid')
 4 SYSTEMPATH\View\View.php(224): include('C:\\laragon\\www\\sistem-informasi-masjid\\app\\Views\\v_template_admin.php')
 5 SYSTEMPATH\View\View.php(227): CodeIgniter\View\View->CodeIgniter\View\{closure}()
 6 SYSTEMPATH\Common.php(1173): CodeIgniter\View\View->render('v_template_admin', [], true)
 7 APPPATH\Controllers\KasMasjid.php(25): view('v_template_admin', [...])
 8 SYSTEMPATH\CodeIgniter.php(933): App\Controllers\KasMasjid->index()
 9 SYSTEMPATH\CodeIgniter.php(507): CodeIgniter\CodeIgniter->runController(Object(App\Controllers\KasMasjid))
10 SYSTEMPATH\CodeIgniter.php(354): CodeIgniter\CodeIgniter->handleRequest(null, Object(Config\Cache), false)
11 SYSTEMPATH\Boot.php(334): CodeIgniter\CodeIgniter->run()
12 SYSTEMPATH\Boot.php(67): CodeIgniter\Boot::runCodeIgniter(Object(CodeIgniter\CodeIgniter))
13 FCPATH\index.php(56): CodeIgniter\Boot::bootWeb(Object(Config\Paths))
