DEBUG - 2025-06-15 11:59:27 --> Session: Class initialized using 'CodeIgniter\Session\Handlers\FileHandler' driver.
DEBUG - 2025-06-15 11:59:39 --> Session: Class initialized using 'CodeIgniter\Session\Handlers\FileHandler' driver.
DEBUG - 2025-06-15 11:59:51 --> Session: Class initialized using 'CodeIgniter\Session\Handlers\FileHandler' driver.
DEBUG - 2025-06-15 12:05:26 --> Session: Class initialized using 'CodeIgniter\Session\Handlers\FileHandler' driver.
DEBUG - 2025-06-15 12:05:56 --> Session: Class initialized using 'CodeIgniter\Session\Handlers\FileHandler' driver.
DEBUG - 2025-06-15 12:06:00 --> Session: Class initialized using 'CodeIgniter\Session\Handlers\FileHandler' driver.
DEBUG - 2025-06-15 12:06:08 --> Session: Class initialized using 'CodeIgniter\Session\Handlers\FileHandler' driver.
DEBUG - 2025-06-15 12:06:12 --> Session: Class initialized using 'CodeIgniter\Session\Handlers\FileHandler' driver.
DEBUG - 2025-06-15 12:11:02 --> Session: Class initialized using 'CodeIgniter\Session\Handlers\FileHandler' driver.
DEBUG - 2025-06-15 12:11:32 --> Session: Class initialized using 'CodeIgniter\Session\Handlers\FileHandler' driver.
DEBUG - 2025-06-15 12:11:37 --> Session: Class initialized using 'CodeIgniter\Session\Handlers\FileHandler' driver.
DEBUG - 2025-06-15 12:12:40 --> Session: Class initialized using 'CodeIgniter\Session\Handlers\FileHandler' driver.
DEBUG - 2025-06-15 12:12:42 --> Session: Class initialized using 'CodeIgniter\Session\Handlers\FileHandler' driver.
DEBUG - 2025-06-15 12:12:50 --> Session: Class initialized using 'CodeIgniter\Session\Handlers\FileHandler' driver.
DEBUG - 2025-06-15 12:13:13 --> Session: Class initialized using 'CodeIgniter\Session\Handlers\FileHandler' driver.
DEBUG - 2025-06-15 12:13:13 --> Session: Class initialized using 'CodeIgniter\Session\Handlers\FileHandler' driver.
DEBUG - 2025-06-15 12:13:23 --> Session: Class initialized using 'CodeIgniter\Session\Handlers\FileHandler' driver.
DEBUG - 2025-06-15 12:13:29 --> Session: Class initialized using 'CodeIgniter\Session\Handlers\FileHandler' driver.
DEBUG - 2025-06-15 12:13:33 --> Session: Class initialized using 'CodeIgniter\Session\Handlers\FileHandler' driver.
DEBUG - 2025-06-15 12:52:06 --> Session: Class initialized using 'CodeIgniter\Session\Handlers\FileHandler' driver.
DEBUG - 2025-06-15 13:04:58 --> Session: Class initialized using 'CodeIgniter\Session\Handlers\FileHandler' driver.
DEBUG - 2025-06-15 13:05:15 --> Session: Class initialized using 'CodeIgniter\Session\Handlers\FileHandler' driver.
DEBUG - 2025-06-15 13:05:24 --> Session: Class initialized using 'CodeIgniter\Session\Handlers\FileHandler' driver.
DEBUG - 2025-06-15 13:05:29 --> Session: Class initialized using 'CodeIgniter\Session\Handlers\FileHandler' driver.
DEBUG - 2025-06-15 13:15:45 --> Session: Class initialized using 'CodeIgniter\Session\Handlers\FileHandler' driver.
CRITICAL - 2025-06-15 13:15:45 --> ErrorException: Undefined array key "id_kas_masjid"
[Method: GET, Route: KasMasjid/KasMasuk]
in APPPATH\Views\kas-masjid\v_kas_masjid_masuk.php on line 157.
 1 APPPATH\Views\kas-masjid\v_kas_masjid_masuk.php(157): CodeIgniter\Debug\Exceptions->errorHandler(2, 'Undefined array key "id_kas_masjid"', 'C:\\laragon\\www\\sistem-informasi-masjid\\app\\Views\\kas-masjid\\v_kas_masjid_masuk.php', 157)
 2 SYSTEMPATH\View\View.php(224): include('C:\\laragon\\www\\sistem-informasi-masjid\\app\\Views\\kas-masjid\\v_kas_masjid_masuk.php')
 3 SYSTEMPATH\View\View.php(227): CodeIgniter\View\View->CodeIgniter\View\{closure}()
 4 SYSTEMPATH\Common.php(1173): CodeIgniter\View\View->render('kas-masjid/v_kas_masjid_masuk', [], true)
 5 APPPATH\Views\v_template_admin.php(255): view('kas-masjid/v_kas_masjid_masuk')
 6 SYSTEMPATH\View\View.php(224): include('C:\\laragon\\www\\sistem-informasi-masjid\\app\\Views\\v_template_admin.php')
 7 SYSTEMPATH\View\View.php(227): CodeIgniter\View\View->CodeIgniter\View\{closure}()
 8 SYSTEMPATH\Common.php(1173): CodeIgniter\View\View->render('v_template_admin', [], true)
 9 APPPATH\Controllers\KasMasjid.php(39): view('v_template_admin', [...])
10 SYSTEMPATH\CodeIgniter.php(933): App\Controllers\KasMasjid->KasMasuk()
11 SYSTEMPATH\CodeIgniter.php(507): CodeIgniter\CodeIgniter->runController(Object(App\Controllers\KasMasjid))
12 SYSTEMPATH\CodeIgniter.php(354): CodeIgniter\CodeIgniter->handleRequest(null, Object(Config\Cache), false)
13 SYSTEMPATH\Boot.php(334): CodeIgniter\CodeIgniter->run()
14 SYSTEMPATH\Boot.php(67): CodeIgniter\Boot::runCodeIgniter(Object(CodeIgniter\CodeIgniter))
15 FCPATH\index.php(56): CodeIgniter\Boot::bootWeb(Object(Config\Paths))
DEBUG - 2025-06-15 13:16:43 --> Session: Class initialized using 'CodeIgniter\Session\Handlers\FileHandler' driver.
CRITICAL - 2025-06-15 13:16:43 --> ErrorException: Undefined array key "id_kas_masjid"
[Method: GET, Route: KasMasjid/KasMasuk]
in APPPATH\Views\kas-masjid\v_kas_masjid_masuk.php on line 157.
 1 APPPATH\Views\kas-masjid\v_kas_masjid_masuk.php(157): CodeIgniter\Debug\Exceptions->errorHandler(2, 'Undefined array key "id_kas_masjid"', 'C:\\laragon\\www\\sistem-informasi-masjid\\app\\Views\\kas-masjid\\v_kas_masjid_masuk.php', 157)
 2 SYSTEMPATH\View\View.php(224): include('C:\\laragon\\www\\sistem-informasi-masjid\\app\\Views\\kas-masjid\\v_kas_masjid_masuk.php')
 3 SYSTEMPATH\View\View.php(227): CodeIgniter\View\View->CodeIgniter\View\{closure}()
 4 SYSTEMPATH\Common.php(1173): CodeIgniter\View\View->render('kas-masjid/v_kas_masjid_masuk', [], true)
 5 APPPATH\Views\v_template_admin.php(255): view('kas-masjid/v_kas_masjid_masuk')
 6 SYSTEMPATH\View\View.php(224): include('C:\\laragon\\www\\sistem-informasi-masjid\\app\\Views\\v_template_admin.php')
 7 SYSTEMPATH\View\View.php(227): CodeIgniter\View\View->CodeIgniter\View\{closure}()
 8 SYSTEMPATH\Common.php(1173): CodeIgniter\View\View->render('v_template_admin', [], true)
 9 APPPATH\Controllers\KasMasjid.php(39): view('v_template_admin', [...])
10 SYSTEMPATH\CodeIgniter.php(933): App\Controllers\KasMasjid->KasMasuk()
11 SYSTEMPATH\CodeIgniter.php(507): CodeIgniter\CodeIgniter->runController(Object(App\Controllers\KasMasjid))
12 SYSTEMPATH\CodeIgniter.php(354): CodeIgniter\CodeIgniter->handleRequest(null, Object(Config\Cache), false)
13 SYSTEMPATH\Boot.php(334): CodeIgniter\CodeIgniter->run()
14 SYSTEMPATH\Boot.php(67): CodeIgniter\Boot::runCodeIgniter(Object(CodeIgniter\CodeIgniter))
15 FCPATH\index.php(56): CodeIgniter\Boot::bootWeb(Object(Config\Paths))
DEBUG - 2025-06-15 13:16:47 --> Session: Class initialized using 'CodeIgniter\Session\Handlers\FileHandler' driver.
CRITICAL - 2025-06-15 13:16:47 --> ErrorException: Undefined array key "id_kas_masjid"
[Method: GET, Route: KasMasjid/KasMasuk]
in APPPATH\Views\kas-masjid\v_kas_masjid_masuk.php on line 157.
 1 APPPATH\Views\kas-masjid\v_kas_masjid_masuk.php(157): CodeIgniter\Debug\Exceptions->errorHandler(2, 'Undefined array key "id_kas_masjid"', 'C:\\laragon\\www\\sistem-informasi-masjid\\app\\Views\\kas-masjid\\v_kas_masjid_masuk.php', 157)
 2 SYSTEMPATH\View\View.php(224): include('C:\\laragon\\www\\sistem-informasi-masjid\\app\\Views\\kas-masjid\\v_kas_masjid_masuk.php')
 3 SYSTEMPATH\View\View.php(227): CodeIgniter\View\View->CodeIgniter\View\{closure}()
 4 SYSTEMPATH\Common.php(1173): CodeIgniter\View\View->render('kas-masjid/v_kas_masjid_masuk', [], true)
 5 APPPATH\Views\v_template_admin.php(255): view('kas-masjid/v_kas_masjid_masuk')
 6 SYSTEMPATH\View\View.php(224): include('C:\\laragon\\www\\sistem-informasi-masjid\\app\\Views\\v_template_admin.php')
 7 SYSTEMPATH\View\View.php(227): CodeIgniter\View\View->CodeIgniter\View\{closure}()
 8 SYSTEMPATH\Common.php(1173): CodeIgniter\View\View->render('v_template_admin', [], true)
 9 APPPATH\Controllers\KasMasjid.php(39): view('v_template_admin', [...])
10 SYSTEMPATH\CodeIgniter.php(933): App\Controllers\KasMasjid->KasMasuk()
11 SYSTEMPATH\CodeIgniter.php(507): CodeIgniter\CodeIgniter->runController(Object(App\Controllers\KasMasjid))
12 SYSTEMPATH\CodeIgniter.php(354): CodeIgniter\CodeIgniter->handleRequest(null, Object(Config\Cache), false)
13 SYSTEMPATH\Boot.php(334): CodeIgniter\CodeIgniter->run()
14 SYSTEMPATH\Boot.php(67): CodeIgniter\Boot::runCodeIgniter(Object(CodeIgniter\CodeIgniter))
15 FCPATH\index.php(56): CodeIgniter\Boot::bootWeb(Object(Config\Paths))
DEBUG - 2025-06-15 13:17:12 --> Session: Class initialized using 'CodeIgniter\Session\Handlers\FileHandler' driver.
CRITICAL - 2025-06-15 13:17:12 --> ErrorException: Undefined array key "id_kas_masjid"
[Method: GET, Route: KasMasjid/KasMasuk]
in APPPATH\Views\kas-masjid\v_kas_masjid_masuk.php on line 157.
 1 APPPATH\Views\kas-masjid\v_kas_masjid_masuk.php(157): CodeIgniter\Debug\Exceptions->errorHandler(2, 'Undefined array key "id_kas_masjid"', 'C:\\laragon\\www\\sistem-informasi-masjid\\app\\Views\\kas-masjid\\v_kas_masjid_masuk.php', 157)
 2 SYSTEMPATH\View\View.php(224): include('C:\\laragon\\www\\sistem-informasi-masjid\\app\\Views\\kas-masjid\\v_kas_masjid_masuk.php')
 3 SYSTEMPATH\View\View.php(227): CodeIgniter\View\View->CodeIgniter\View\{closure}()
 4 SYSTEMPATH\Common.php(1173): CodeIgniter\View\View->render('kas-masjid/v_kas_masjid_masuk', [], true)
 5 APPPATH\Views\v_template_admin.php(255): view('kas-masjid/v_kas_masjid_masuk')
 6 SYSTEMPATH\View\View.php(224): include('C:\\laragon\\www\\sistem-informasi-masjid\\app\\Views\\v_template_admin.php')
 7 SYSTEMPATH\View\View.php(227): CodeIgniter\View\View->CodeIgniter\View\{closure}()
 8 SYSTEMPATH\Common.php(1173): CodeIgniter\View\View->render('v_template_admin', [], true)
 9 APPPATH\Controllers\KasMasjid.php(39): view('v_template_admin', [...])
10 SYSTEMPATH\CodeIgniter.php(933): App\Controllers\KasMasjid->KasMasuk()
11 SYSTEMPATH\CodeIgniter.php(507): CodeIgniter\CodeIgniter->runController(Object(App\Controllers\KasMasjid))
12 SYSTEMPATH\CodeIgniter.php(354): CodeIgniter\CodeIgniter->handleRequest(null, Object(Config\Cache), false)
13 SYSTEMPATH\Boot.php(334): CodeIgniter\CodeIgniter->run()
14 SYSTEMPATH\Boot.php(67): CodeIgniter\Boot::runCodeIgniter(Object(CodeIgniter\CodeIgniter))
15 FCPATH\index.php(56): CodeIgniter\Boot::bootWeb(Object(Config\Paths))
DEBUG - 2025-06-15 13:17:18 --> Session: Class initialized using 'CodeIgniter\Session\Handlers\FileHandler' driver.
CRITICAL - 2025-06-15 13:17:18 --> ErrorException: Undefined array key "id_kas_masjid"
[Method: GET, Route: KasMasjid/KasMasuk]
in APPPATH\Views\kas-masjid\v_kas_masjid_masuk.php on line 157.
 1 APPPATH\Views\kas-masjid\v_kas_masjid_masuk.php(157): CodeIgniter\Debug\Exceptions->errorHandler(2, 'Undefined array key "id_kas_masjid"', 'C:\\laragon\\www\\sistem-informasi-masjid\\app\\Views\\kas-masjid\\v_kas_masjid_masuk.php', 157)
 2 SYSTEMPATH\View\View.php(224): include('C:\\laragon\\www\\sistem-informasi-masjid\\app\\Views\\kas-masjid\\v_kas_masjid_masuk.php')
 3 SYSTEMPATH\View\View.php(227): CodeIgniter\View\View->CodeIgniter\View\{closure}()
 4 SYSTEMPATH\Common.php(1173): CodeIgniter\View\View->render('kas-masjid/v_kas_masjid_masuk', [], true)
 5 APPPATH\Views\v_template_admin.php(255): view('kas-masjid/v_kas_masjid_masuk')
 6 SYSTEMPATH\View\View.php(224): include('C:\\laragon\\www\\sistem-informasi-masjid\\app\\Views\\v_template_admin.php')
 7 SYSTEMPATH\View\View.php(227): CodeIgniter\View\View->CodeIgniter\View\{closure}()
 8 SYSTEMPATH\Common.php(1173): CodeIgniter\View\View->render('v_template_admin', [], true)
 9 APPPATH\Controllers\KasMasjid.php(39): view('v_template_admin', [...])
10 SYSTEMPATH\CodeIgniter.php(933): App\Controllers\KasMasjid->KasMasuk()
11 SYSTEMPATH\CodeIgniter.php(507): CodeIgniter\CodeIgniter->runController(Object(App\Controllers\KasMasjid))
12 SYSTEMPATH\CodeIgniter.php(354): CodeIgniter\CodeIgniter->handleRequest(null, Object(Config\Cache), false)
13 SYSTEMPATH\Boot.php(334): CodeIgniter\CodeIgniter->run()
14 SYSTEMPATH\Boot.php(67): CodeIgniter\Boot::runCodeIgniter(Object(CodeIgniter\CodeIgniter))
15 FCPATH\index.php(56): CodeIgniter\Boot::bootWeb(Object(Config\Paths))
DEBUG - 2025-06-15 13:19:26 --> Session: Class initialized using 'CodeIgniter\Session\Handlers\FileHandler' driver.
CRITICAL - 2025-06-15 13:19:26 --> ErrorException: Undefined array key "id_kas_masjid"
[Method: GET, Route: KasMasjid/KasMasuk]
in APPPATH\Views\kas-masjid\v_kas_masjid_masuk.php on line 157.
 1 APPPATH\Views\kas-masjid\v_kas_masjid_masuk.php(157): CodeIgniter\Debug\Exceptions->errorHandler(2, 'Undefined array key "id_kas_masjid"', 'C:\\laragon\\www\\sistem-informasi-masjid\\app\\Views\\kas-masjid\\v_kas_masjid_masuk.php', 157)
 2 SYSTEMPATH\View\View.php(224): include('C:\\laragon\\www\\sistem-informasi-masjid\\app\\Views\\kas-masjid\\v_kas_masjid_masuk.php')
 3 SYSTEMPATH\View\View.php(227): CodeIgniter\View\View->CodeIgniter\View\{closure}()
 4 SYSTEMPATH\Common.php(1173): CodeIgniter\View\View->render('kas-masjid/v_kas_masjid_masuk', [], true)
 5 APPPATH\Views\v_template_admin.php(255): view('kas-masjid/v_kas_masjid_masuk')
 6 SYSTEMPATH\View\View.php(224): include('C:\\laragon\\www\\sistem-informasi-masjid\\app\\Views\\v_template_admin.php')
 7 SYSTEMPATH\View\View.php(227): CodeIgniter\View\View->CodeIgniter\View\{closure}()
 8 SYSTEMPATH\Common.php(1173): CodeIgniter\View\View->render('v_template_admin', [], true)
 9 APPPATH\Controllers\KasMasjid.php(39): view('v_template_admin', [...])
10 SYSTEMPATH\CodeIgniter.php(933): App\Controllers\KasMasjid->KasMasuk()
11 SYSTEMPATH\CodeIgniter.php(507): CodeIgniter\CodeIgniter->runController(Object(App\Controllers\KasMasjid))
12 SYSTEMPATH\CodeIgniter.php(354): CodeIgniter\CodeIgniter->handleRequest(null, Object(Config\Cache), false)
13 SYSTEMPATH\Boot.php(334): CodeIgniter\CodeIgniter->run()
14 SYSTEMPATH\Boot.php(67): CodeIgniter\Boot::runCodeIgniter(Object(CodeIgniter\CodeIgniter))
15 FCPATH\index.php(56): CodeIgniter\Boot::bootWeb(Object(Config\Paths))
DEBUG - 2025-06-15 13:20:10 --> Session: Class initialized using 'CodeIgniter\Session\Handlers\FileHandler' driver.
CRITICAL - 2025-06-15 13:20:10 --> ErrorException: Undefined array key "id_kas_masjid"
[Method: GET, Route: KasMasjid/KasMasuk]
in APPPATH\Views\kas-masjid\v_kas_masjid_masuk.php on line 157.
 1 APPPATH\Views\kas-masjid\v_kas_masjid_masuk.php(157): CodeIgniter\Debug\Exceptions->errorHandler(2, 'Undefined array key "id_kas_masjid"', 'C:\\laragon\\www\\sistem-informasi-masjid\\app\\Views\\kas-masjid\\v_kas_masjid_masuk.php', 157)
 2 SYSTEMPATH\View\View.php(224): include('C:\\laragon\\www\\sistem-informasi-masjid\\app\\Views\\kas-masjid\\v_kas_masjid_masuk.php')
 3 SYSTEMPATH\View\View.php(227): CodeIgniter\View\View->CodeIgniter\View\{closure}()
 4 SYSTEMPATH\Common.php(1173): CodeIgniter\View\View->render('kas-masjid/v_kas_masjid_masuk', [], true)
 5 APPPATH\Views\v_template_admin.php(255): view('kas-masjid/v_kas_masjid_masuk')
 6 SYSTEMPATH\View\View.php(224): include('C:\\laragon\\www\\sistem-informasi-masjid\\app\\Views\\v_template_admin.php')
 7 SYSTEMPATH\View\View.php(227): CodeIgniter\View\View->CodeIgniter\View\{closure}()
 8 SYSTEMPATH\Common.php(1173): CodeIgniter\View\View->render('v_template_admin', [], true)
 9 APPPATH\Controllers\KasMasjid.php(39): view('v_template_admin', [...])
10 SYSTEMPATH\CodeIgniter.php(933): App\Controllers\KasMasjid->KasMasuk()
11 SYSTEMPATH\CodeIgniter.php(507): CodeIgniter\CodeIgniter->runController(Object(App\Controllers\KasMasjid))
12 SYSTEMPATH\CodeIgniter.php(354): CodeIgniter\CodeIgniter->handleRequest(null, Object(Config\Cache), false)
13 SYSTEMPATH\Boot.php(334): CodeIgniter\CodeIgniter->run()
14 SYSTEMPATH\Boot.php(67): CodeIgniter\Boot::runCodeIgniter(Object(CodeIgniter\CodeIgniter))
15 FCPATH\index.php(56): CodeIgniter\Boot::bootWeb(Object(Config\Paths))
DEBUG - 2025-06-15 13:22:17 --> Session: Class initialized using 'CodeIgniter\Session\Handlers\FileHandler' driver.
CRITICAL - 2025-06-15 13:22:17 --> ErrorException: Undefined array key "id_kas_masjid"
[Method: GET, Route: KasMasjid/KasMasuk]
in APPPATH\Views\kas-masjid\v_kas_masjid_masuk.php on line 157.
 1 APPPATH\Views\kas-masjid\v_kas_masjid_masuk.php(157): CodeIgniter\Debug\Exceptions->errorHandler(2, 'Undefined array key "id_kas_masjid"', 'C:\\laragon\\www\\sistem-informasi-masjid\\app\\Views\\kas-masjid\\v_kas_masjid_masuk.php', 157)
 2 SYSTEMPATH\View\View.php(224): include('C:\\laragon\\www\\sistem-informasi-masjid\\app\\Views\\kas-masjid\\v_kas_masjid_masuk.php')
 3 SYSTEMPATH\View\View.php(227): CodeIgniter\View\View->CodeIgniter\View\{closure}()
 4 SYSTEMPATH\Common.php(1173): CodeIgniter\View\View->render('kas-masjid/v_kas_masjid_masuk', [], true)
 5 APPPATH\Views\v_template_admin.php(255): view('kas-masjid/v_kas_masjid_masuk')
 6 SYSTEMPATH\View\View.php(224): include('C:\\laragon\\www\\sistem-informasi-masjid\\app\\Views\\v_template_admin.php')
 7 SYSTEMPATH\View\View.php(227): CodeIgniter\View\View->CodeIgniter\View\{closure}()
 8 SYSTEMPATH\Common.php(1173): CodeIgniter\View\View->render('v_template_admin', [], true)
 9 APPPATH\Controllers\KasMasjid.php(39): view('v_template_admin', [...])
10 SYSTEMPATH\CodeIgniter.php(933): App\Controllers\KasMasjid->KasMasuk()
11 SYSTEMPATH\CodeIgniter.php(507): CodeIgniter\CodeIgniter->runController(Object(App\Controllers\KasMasjid))
12 SYSTEMPATH\CodeIgniter.php(354): CodeIgniter\CodeIgniter->handleRequest(null, Object(Config\Cache), false)
13 SYSTEMPATH\Boot.php(334): CodeIgniter\CodeIgniter->run()
14 SYSTEMPATH\Boot.php(67): CodeIgniter\Boot::runCodeIgniter(Object(CodeIgniter\CodeIgniter))
15 FCPATH\index.php(56): CodeIgniter\Boot::bootWeb(Object(Config\Paths))
DEBUG - 2025-06-15 13:34:40 --> Session: Class initialized using 'CodeIgniter\Session\Handlers\FileHandler' driver.
CRITICAL - 2025-06-15 13:34:40 --> ErrorException: Undefined array key "id_kas_masjid"
[Method: GET, Route: KasMasjid/KasMasuk]
in APPPATH\Views\kas-masjid\v_kas_masjid_masuk.php on line 157.
 1 APPPATH\Views\kas-masjid\v_kas_masjid_masuk.php(157): CodeIgniter\Debug\Exceptions->errorHandler(2, 'Undefined array key "id_kas_masjid"', 'C:\\laragon\\www\\sistem-informasi-masjid\\app\\Views\\kas-masjid\\v_kas_masjid_masuk.php', 157)
 2 SYSTEMPATH\View\View.php(224): include('C:\\laragon\\www\\sistem-informasi-masjid\\app\\Views\\kas-masjid\\v_kas_masjid_masuk.php')
 3 SYSTEMPATH\View\View.php(227): CodeIgniter\View\View->CodeIgniter\View\{closure}()
 4 SYSTEMPATH\Common.php(1173): CodeIgniter\View\View->render('kas-masjid/v_kas_masjid_masuk', [], true)
 5 APPPATH\Views\v_template_admin.php(255): view('kas-masjid/v_kas_masjid_masuk')
 6 SYSTEMPATH\View\View.php(224): include('C:\\laragon\\www\\sistem-informasi-masjid\\app\\Views\\v_template_admin.php')
 7 SYSTEMPATH\View\View.php(227): CodeIgniter\View\View->CodeIgniter\View\{closure}()
 8 SYSTEMPATH\Common.php(1173): CodeIgniter\View\View->render('v_template_admin', [], true)
 9 APPPATH\Controllers\KasMasjid.php(39): view('v_template_admin', [...])
10 SYSTEMPATH\CodeIgniter.php(933): App\Controllers\KasMasjid->KasMasuk()
11 SYSTEMPATH\CodeIgniter.php(507): CodeIgniter\CodeIgniter->runController(Object(App\Controllers\KasMasjid))
12 SYSTEMPATH\CodeIgniter.php(354): CodeIgniter\CodeIgniter->handleRequest(null, Object(Config\Cache), false)
13 SYSTEMPATH\Boot.php(334): CodeIgniter\CodeIgniter->run()
14 SYSTEMPATH\Boot.php(67): CodeIgniter\Boot::runCodeIgniter(Object(CodeIgniter\CodeIgniter))
15 FCPATH\index.php(56): CodeIgniter\Boot::bootWeb(Object(Config\Paths))
DEBUG - 2025-06-15 13:34:45 --> Session: Class initialized using 'CodeIgniter\Session\Handlers\FileHandler' driver.
CRITICAL - 2025-06-15 13:34:45 --> ErrorException: Undefined array key "id_kas_masjid"
[Method: GET, Route: KasMasjid/KasMasuk]
in APPPATH\Views\kas-masjid\v_kas_masjid_masuk.php on line 157.
 1 APPPATH\Views\kas-masjid\v_kas_masjid_masuk.php(157): CodeIgniter\Debug\Exceptions->errorHandler(2, 'Undefined array key "id_kas_masjid"', 'C:\\laragon\\www\\sistem-informasi-masjid\\app\\Views\\kas-masjid\\v_kas_masjid_masuk.php', 157)
 2 SYSTEMPATH\View\View.php(224): include('C:\\laragon\\www\\sistem-informasi-masjid\\app\\Views\\kas-masjid\\v_kas_masjid_masuk.php')
 3 SYSTEMPATH\View\View.php(227): CodeIgniter\View\View->CodeIgniter\View\{closure}()
 4 SYSTEMPATH\Common.php(1173): CodeIgniter\View\View->render('kas-masjid/v_kas_masjid_masuk', [], true)
 5 APPPATH\Views\v_template_admin.php(255): view('kas-masjid/v_kas_masjid_masuk')
 6 SYSTEMPATH\View\View.php(224): include('C:\\laragon\\www\\sistem-informasi-masjid\\app\\Views\\v_template_admin.php')
 7 SYSTEMPATH\View\View.php(227): CodeIgniter\View\View->CodeIgniter\View\{closure}()
 8 SYSTEMPATH\Common.php(1173): CodeIgniter\View\View->render('v_template_admin', [], true)
 9 APPPATH\Controllers\KasMasjid.php(39): view('v_template_admin', [...])
10 SYSTEMPATH\CodeIgniter.php(933): App\Controllers\KasMasjid->KasMasuk()
11 SYSTEMPATH\CodeIgniter.php(507): CodeIgniter\CodeIgniter->runController(Object(App\Controllers\KasMasjid))
12 SYSTEMPATH\CodeIgniter.php(354): CodeIgniter\CodeIgniter->handleRequest(null, Object(Config\Cache), false)
13 SYSTEMPATH\Boot.php(334): CodeIgniter\CodeIgniter->run()
14 SYSTEMPATH\Boot.php(67): CodeIgniter\Boot::runCodeIgniter(Object(CodeIgniter\CodeIgniter))
15 FCPATH\index.php(56): CodeIgniter\Boot::bootWeb(Object(Config\Paths))
DEBUG - 2025-06-15 13:40:28 --> Session: Class initialized using 'CodeIgniter\Session\Handlers\FileHandler' driver.
CRITICAL - 2025-06-15 13:40:28 --> ErrorException: Undefined array key "id_kas_masjid"
[Method: GET, Route: KasMasjid/KasMasuk]
in APPPATH\Views\kas-masjid\v_kas_masjid_masuk.php on line 157.
 1 APPPATH\Views\kas-masjid\v_kas_masjid_masuk.php(157): CodeIgniter\Debug\Exceptions->errorHandler(2, 'Undefined array key "id_kas_masjid"', 'C:\\laragon\\www\\sistem-informasi-masjid\\app\\Views\\kas-masjid\\v_kas_masjid_masuk.php', 157)
 2 SYSTEMPATH\View\View.php(224): include('C:\\laragon\\www\\sistem-informasi-masjid\\app\\Views\\kas-masjid\\v_kas_masjid_masuk.php')
 3 SYSTEMPATH\View\View.php(227): CodeIgniter\View\View->CodeIgniter\View\{closure}()
 4 SYSTEMPATH\Common.php(1173): CodeIgniter\View\View->render('kas-masjid/v_kas_masjid_masuk', [], true)
 5 APPPATH\Views\v_template_admin.php(255): view('kas-masjid/v_kas_masjid_masuk')
 6 SYSTEMPATH\View\View.php(224): include('C:\\laragon\\www\\sistem-informasi-masjid\\app\\Views\\v_template_admin.php')
 7 SYSTEMPATH\View\View.php(227): CodeIgniter\View\View->CodeIgniter\View\{closure}()
 8 SYSTEMPATH\Common.php(1173): CodeIgniter\View\View->render('v_template_admin', [], true)
 9 APPPATH\Controllers\KasMasjid.php(39): view('v_template_admin', [...])
10 SYSTEMPATH\CodeIgniter.php(933): App\Controllers\KasMasjid->KasMasuk()
11 SYSTEMPATH\CodeIgniter.php(507): CodeIgniter\CodeIgniter->runController(Object(App\Controllers\KasMasjid))
12 SYSTEMPATH\CodeIgniter.php(354): CodeIgniter\CodeIgniter->handleRequest(null, Object(Config\Cache), false)
13 SYSTEMPATH\Boot.php(334): CodeIgniter\CodeIgniter->run()
14 SYSTEMPATH\Boot.php(67): CodeIgniter\Boot::runCodeIgniter(Object(CodeIgniter\CodeIgniter))
15 FCPATH\index.php(56): CodeIgniter\Boot::bootWeb(Object(Config\Paths))
DEBUG - 2025-06-15 13:41:55 --> Session: Class initialized using 'CodeIgniter\Session\Handlers\FileHandler' driver.
CRITICAL - 2025-06-15 13:41:55 --> ErrorException: Undefined array key "id_kas_masjid"
[Method: GET, Route: KasMasjid/KasMasuk]
in APPPATH\Views\kas-masjid\v_kas_masjid_masuk.php on line 157.
 1 APPPATH\Views\kas-masjid\v_kas_masjid_masuk.php(157): CodeIgniter\Debug\Exceptions->errorHandler(2, 'Undefined array key "id_kas_masjid"', 'C:\\laragon\\www\\sistem-informasi-masjid\\app\\Views\\kas-masjid\\v_kas_masjid_masuk.php', 157)
 2 SYSTEMPATH\View\View.php(224): include('C:\\laragon\\www\\sistem-informasi-masjid\\app\\Views\\kas-masjid\\v_kas_masjid_masuk.php')
 3 SYSTEMPATH\View\View.php(227): CodeIgniter\View\View->CodeIgniter\View\{closure}()
 4 SYSTEMPATH\Common.php(1173): CodeIgniter\View\View->render('kas-masjid/v_kas_masjid_masuk', [], true)
 5 APPPATH\Views\v_template_admin.php(255): view('kas-masjid/v_kas_masjid_masuk')
 6 SYSTEMPATH\View\View.php(224): include('C:\\laragon\\www\\sistem-informasi-masjid\\app\\Views\\v_template_admin.php')
 7 SYSTEMPATH\View\View.php(227): CodeIgniter\View\View->CodeIgniter\View\{closure}()
 8 SYSTEMPATH\Common.php(1173): CodeIgniter\View\View->render('v_template_admin', [], true)
 9 APPPATH\Controllers\KasMasjid.php(39): view('v_template_admin', [...])
10 SYSTEMPATH\CodeIgniter.php(933): App\Controllers\KasMasjid->KasMasuk()
11 SYSTEMPATH\CodeIgniter.php(507): CodeIgniter\CodeIgniter->runController(Object(App\Controllers\KasMasjid))
12 SYSTEMPATH\CodeIgniter.php(354): CodeIgniter\CodeIgniter->handleRequest(null, Object(Config\Cache), false)
13 SYSTEMPATH\Boot.php(334): CodeIgniter\CodeIgniter->run()
14 SYSTEMPATH\Boot.php(67): CodeIgniter\Boot::runCodeIgniter(Object(CodeIgniter\CodeIgniter))
15 FCPATH\index.php(56): CodeIgniter\Boot::bootWeb(Object(Config\Paths))
DEBUG - 2025-06-15 13:44:06 --> Session: Class initialized using 'CodeIgniter\Session\Handlers\FileHandler' driver.
ERROR - 2025-06-15 14:05:30 --> mysqli_sql_exception: Table 'db-simasjid-ci4.id_kas' doesn't exist in C:\laragon\www\sistem-informasi-masjid\system\Database\MySQLi\Connection.php:327
Stack trace:
#0 C:\laragon\www\sistem-informasi-masjid\system\Database\MySQLi\Connection.php(327): mysqli->query('DELETE FROM `id...', 0)
#1 C:\laragon\www\sistem-informasi-masjid\system\Database\BaseConnection.php(738): CodeIgniter\Database\MySQLi\Connection->execute('DELETE FROM `id...')
#2 C:\laragon\www\sistem-informasi-masjid\system\Database\BaseConnection.php(652): CodeIgniter\Database\BaseConnection->simpleQuery('DELETE FROM `id...')
#3 C:\laragon\www\sistem-informasi-masjid\system\Database\BaseBuilder.php(2848): CodeIgniter\Database\BaseConnection->query('DELETE FROM `id...', Array, false)
#4 C:\laragon\www\sistem-informasi-masjid\app\Models\ModelKasMasjid.php(56): CodeIgniter\Database\BaseBuilder->delete(Array)
#5 C:\laragon\www\sistem-informasi-masjid\app\Controllers\KasMasjid.php(120): App\Models\ModelKasMasjid->DeleteKasMasuk(Array)
#6 C:\laragon\www\sistem-informasi-masjid\system\CodeIgniter.php(933): App\Controllers\KasMasjid->DeleteKasMasuk('4')
#7 C:\laragon\www\sistem-informasi-masjid\system\CodeIgniter.php(507): CodeIgniter\CodeIgniter->runController(Object(App\Controllers\KasMasjid))
#8 C:\laragon\www\sistem-informasi-masjid\system\CodeIgniter.php(354): CodeIgniter\CodeIgniter->handleRequest(NULL, Object(Config\Cache), false)
#9 C:\laragon\www\sistem-informasi-masjid\system\Boot.php(334): CodeIgniter\CodeIgniter->run()
#10 C:\laragon\www\sistem-informasi-masjid\system\Boot.php(67): CodeIgniter\Boot::runCodeIgniter(Object(CodeIgniter\CodeIgniter))
#11 C:\laragon\www\sistem-informasi-masjid\public\index.php(56): CodeIgniter\Boot::bootWeb(Object(Config\Paths))
#12 {main}
CRITICAL - 2025-06-15 14:05:31 --> CodeIgniter\Database\Exceptions\DatabaseException: Table 'db-simasjid-ci4.id_kas' doesn't exist
[Method: GET, Route: KasMasjid/DeleteKasMasuk/4]
in SYSTEMPATH\Database\BaseConnection.php on line 692.
 1 SYSTEMPATH\Database\BaseBuilder.php(2848): CodeIgniter\Database\BaseConnection->query('DELETE FROM `id_kas`
WHERE `id_kas` = :id_kas:
AND `id_kas` = :id_kas.1:', [...], false)
 2 APPPATH\Models\ModelKasMasjid.php(56): CodeIgniter\Database\BaseBuilder->delete([...])
 3 APPPATH\Controllers\KasMasjid.php(120): App\Models\ModelKasMasjid->DeleteKasMasuk([...])
 4 SYSTEMPATH\CodeIgniter.php(933): App\Controllers\KasMasjid->DeleteKasMasuk('4')
 5 SYSTEMPATH\CodeIgniter.php(507): CodeIgniter\CodeIgniter->runController(Object(App\Controllers\KasMasjid))
 6 SYSTEMPATH\CodeIgniter.php(354): CodeIgniter\CodeIgniter->handleRequest(null, Object(Config\Cache), false)
 7 SYSTEMPATH\Boot.php(334): CodeIgniter\CodeIgniter->run()
 8 SYSTEMPATH\Boot.php(67): CodeIgniter\Boot::runCodeIgniter(Object(CodeIgniter\CodeIgniter))
 9 FCPATH\index.php(56): CodeIgniter\Boot::bootWeb(Object(Config\Paths))
CRITICAL - 2025-06-15 14:05:31 --> [Caused by] CodeIgniter\Database\Exceptions\DatabaseException: Table 'db-simasjid-ci4.id_kas' doesn't exist
in SYSTEMPATH\Database\MySQLi\Connection.php on line 332.
 1 SYSTEMPATH\Database\BaseConnection.php(738): CodeIgniter\Database\MySQLi\Connection->execute('DELETE FROM `id_kas`
WHERE `id_kas` = \'4\'
AND `id_kas` = \'4\'')
 2 SYSTEMPATH\Database\BaseConnection.php(652): CodeIgniter\Database\BaseConnection->simpleQuery('DELETE FROM `id_kas`
WHERE `id_kas` = \'4\'
AND `id_kas` = \'4\'')
 3 SYSTEMPATH\Database\BaseBuilder.php(2848): CodeIgniter\Database\BaseConnection->query('DELETE FROM `id_kas`
WHERE `id_kas` = :id_kas:
AND `id_kas` = :id_kas.1:', [...], false)
 4 APPPATH\Models\ModelKasMasjid.php(56): CodeIgniter\Database\BaseBuilder->delete([...])
 5 APPPATH\Controllers\KasMasjid.php(120): App\Models\ModelKasMasjid->DeleteKasMasuk([...])
 6 SYSTEMPATH\CodeIgniter.php(933): App\Controllers\KasMasjid->DeleteKasMasuk('4')
 7 SYSTEMPATH\CodeIgniter.php(507): CodeIgniter\CodeIgniter->runController(Object(App\Controllers\KasMasjid))
 8 SYSTEMPATH\CodeIgniter.php(354): CodeIgniter\CodeIgniter->handleRequest(null, Object(Config\Cache), false)
 9 SYSTEMPATH\Boot.php(334): CodeIgniter\CodeIgniter->run()
10 SYSTEMPATH\Boot.php(67): CodeIgniter\Boot::runCodeIgniter(Object(CodeIgniter\CodeIgniter))
11 FCPATH\index.php(56): CodeIgniter\Boot::bootWeb(Object(Config\Paths))
CRITICAL - 2025-06-15 14:05:31 --> [Caused by] mysqli_sql_exception: Table 'db-simasjid-ci4.id_kas' doesn't exist
in SYSTEMPATH\Database\MySQLi\Connection.php on line 327.
 1 SYSTEMPATH\Database\MySQLi\Connection.php(327): mysqli->query('DELETE FROM `id_kas`
WHERE `id_kas` = \'4\'
AND `id_kas` = \'4\'', 0)
 2 SYSTEMPATH\Database\BaseConnection.php(738): CodeIgniter\Database\MySQLi\Connection->execute('DELETE FROM `id_kas`
WHERE `id_kas` = \'4\'
AND `id_kas` = \'4\'')
 3 SYSTEMPATH\Database\BaseConnection.php(652): CodeIgniter\Database\BaseConnection->simpleQuery('DELETE FROM `id_kas`
WHERE `id_kas` = \'4\'
AND `id_kas` = \'4\'')
 4 SYSTEMPATH\Database\BaseBuilder.php(2848): CodeIgniter\Database\BaseConnection->query('DELETE FROM `id_kas`
WHERE `id_kas` = :id_kas:
AND `id_kas` = :id_kas.1:', [...], false)
 5 APPPATH\Models\ModelKasMasjid.php(56): CodeIgniter\Database\BaseBuilder->delete([...])
 6 APPPATH\Controllers\KasMasjid.php(120): App\Models\ModelKasMasjid->DeleteKasMasuk([...])
 7 SYSTEMPATH\CodeIgniter.php(933): App\Controllers\KasMasjid->DeleteKasMasuk('4')
 8 SYSTEMPATH\CodeIgniter.php(507): CodeIgniter\CodeIgniter->runController(Object(App\Controllers\KasMasjid))
 9 SYSTEMPATH\CodeIgniter.php(354): CodeIgniter\CodeIgniter->handleRequest(null, Object(Config\Cache), false)
10 SYSTEMPATH\Boot.php(334): CodeIgniter\CodeIgniter->run()
11 SYSTEMPATH\Boot.php(67): CodeIgniter\Boot::runCodeIgniter(Object(CodeIgniter\CodeIgniter))
12 FCPATH\index.php(56): CodeIgniter\Boot::bootWeb(Object(Config\Paths))
ERROR - 2025-06-15 14:10:05 --> mysqli_sql_exception: Table 'db-simasjid-ci4.kas_masjid' doesn't exist in C:\laragon\www\sistem-informasi-masjid\system\Database\MySQLi\Connection.php:327
Stack trace:
#0 C:\laragon\www\sistem-informasi-masjid\system\Database\MySQLi\Connection.php(327): mysqli->query('DELETE FROM `ka...', 0)
#1 C:\laragon\www\sistem-informasi-masjid\system\Database\BaseConnection.php(738): CodeIgniter\Database\MySQLi\Connection->execute('DELETE FROM `ka...')
#2 C:\laragon\www\sistem-informasi-masjid\system\Database\BaseConnection.php(652): CodeIgniter\Database\BaseConnection->simpleQuery('DELETE FROM `ka...')
#3 C:\laragon\www\sistem-informasi-masjid\system\Database\BaseBuilder.php(2848): CodeIgniter\Database\BaseConnection->query('DELETE FROM `ka...', Array, false)
#4 C:\laragon\www\sistem-informasi-masjid\app\Models\ModelKasMasjid.php(54): CodeIgniter\Database\BaseBuilder->delete(Array)
#5 C:\laragon\www\sistem-informasi-masjid\app\Controllers\KasMasjid.php(120): App\Models\ModelKasMasjid->DeleteKasMasuk(Array)
#6 C:\laragon\www\sistem-informasi-masjid\system\CodeIgniter.php(933): App\Controllers\KasMasjid->DeleteKasMasuk('4')
#7 C:\laragon\www\sistem-informasi-masjid\system\CodeIgniter.php(507): CodeIgniter\CodeIgniter->runController(Object(App\Controllers\KasMasjid))
#8 C:\laragon\www\sistem-informasi-masjid\system\CodeIgniter.php(354): CodeIgniter\CodeIgniter->handleRequest(NULL, Object(Config\Cache), false)
#9 C:\laragon\www\sistem-informasi-masjid\system\Boot.php(334): CodeIgniter\CodeIgniter->run()
#10 C:\laragon\www\sistem-informasi-masjid\system\Boot.php(67): CodeIgniter\Boot::runCodeIgniter(Object(CodeIgniter\CodeIgniter))
#11 C:\laragon\www\sistem-informasi-masjid\public\index.php(56): CodeIgniter\Boot::bootWeb(Object(Config\Paths))
#12 {main}
CRITICAL - 2025-06-15 14:10:06 --> CodeIgniter\Database\Exceptions\DatabaseException: Table 'db-simasjid-ci4.kas_masjid' doesn't exist
[Method: GET, Route: KasMasjid/DeleteKasMasuk/4]
in SYSTEMPATH\Database\BaseConnection.php on line 692.
 1 SYSTEMPATH\Database\BaseBuilder.php(2848): CodeIgniter\Database\BaseConnection->query('DELETE FROM `kas_masjid`
WHERE `id_kas` = :id_kas:', [...], false)
 2 APPPATH\Models\ModelKasMasjid.php(54): CodeIgniter\Database\BaseBuilder->delete([...])
 3 APPPATH\Controllers\KasMasjid.php(120): App\Models\ModelKasMasjid->DeleteKasMasuk([...])
 4 SYSTEMPATH\CodeIgniter.php(933): App\Controllers\KasMasjid->DeleteKasMasuk('4')
 5 SYSTEMPATH\CodeIgniter.php(507): CodeIgniter\CodeIgniter->runController(Object(App\Controllers\KasMasjid))
 6 SYSTEMPATH\CodeIgniter.php(354): CodeIgniter\CodeIgniter->handleRequest(null, Object(Config\Cache), false)
 7 SYSTEMPATH\Boot.php(334): CodeIgniter\CodeIgniter->run()
 8 SYSTEMPATH\Boot.php(67): CodeIgniter\Boot::runCodeIgniter(Object(CodeIgniter\CodeIgniter))
 9 FCPATH\index.php(56): CodeIgniter\Boot::bootWeb(Object(Config\Paths))
CRITICAL - 2025-06-15 14:10:06 --> [Caused by] CodeIgniter\Database\Exceptions\DatabaseException: Table 'db-simasjid-ci4.kas_masjid' doesn't exist
in SYSTEMPATH\Database\MySQLi\Connection.php on line 332.
 1 SYSTEMPATH\Database\BaseConnection.php(738): CodeIgniter\Database\MySQLi\Connection->execute('DELETE FROM `kas_masjid`
WHERE `id_kas` = \'4\'')
 2 SYSTEMPATH\Database\BaseConnection.php(652): CodeIgniter\Database\BaseConnection->simpleQuery('DELETE FROM `kas_masjid`
WHERE `id_kas` = \'4\'')
 3 SYSTEMPATH\Database\BaseBuilder.php(2848): CodeIgniter\Database\BaseConnection->query('DELETE FROM `kas_masjid`
WHERE `id_kas` = :id_kas:', [...], false)
 4 APPPATH\Models\ModelKasMasjid.php(54): CodeIgniter\Database\BaseBuilder->delete([...])
 5 APPPATH\Controllers\KasMasjid.php(120): App\Models\ModelKasMasjid->DeleteKasMasuk([...])
 6 SYSTEMPATH\CodeIgniter.php(933): App\Controllers\KasMasjid->DeleteKasMasuk('4')
 7 SYSTEMPATH\CodeIgniter.php(507): CodeIgniter\CodeIgniter->runController(Object(App\Controllers\KasMasjid))
 8 SYSTEMPATH\CodeIgniter.php(354): CodeIgniter\CodeIgniter->handleRequest(null, Object(Config\Cache), false)
 9 SYSTEMPATH\Boot.php(334): CodeIgniter\CodeIgniter->run()
10 SYSTEMPATH\Boot.php(67): CodeIgniter\Boot::runCodeIgniter(Object(CodeIgniter\CodeIgniter))
11 FCPATH\index.php(56): CodeIgniter\Boot::bootWeb(Object(Config\Paths))
CRITICAL - 2025-06-15 14:10:06 --> [Caused by] mysqli_sql_exception: Table 'db-simasjid-ci4.kas_masjid' doesn't exist
in SYSTEMPATH\Database\MySQLi\Connection.php on line 327.
 1 SYSTEMPATH\Database\MySQLi\Connection.php(327): mysqli->query('DELETE FROM `kas_masjid`
WHERE `id_kas` = \'4\'', 0)
 2 SYSTEMPATH\Database\BaseConnection.php(738): CodeIgniter\Database\MySQLi\Connection->execute('DELETE FROM `kas_masjid`
WHERE `id_kas` = \'4\'')
 3 SYSTEMPATH\Database\BaseConnection.php(652): CodeIgniter\Database\BaseConnection->simpleQuery('DELETE FROM `kas_masjid`
WHERE `id_kas` = \'4\'')
 4 SYSTEMPATH\Database\BaseBuilder.php(2848): CodeIgniter\Database\BaseConnection->query('DELETE FROM `kas_masjid`
WHERE `id_kas` = :id_kas:', [...], false)
 5 APPPATH\Models\ModelKasMasjid.php(54): CodeIgniter\Database\BaseBuilder->delete([...])
 6 APPPATH\Controllers\KasMasjid.php(120): App\Models\ModelKasMasjid->DeleteKasMasuk([...])
 7 SYSTEMPATH\CodeIgniter.php(933): App\Controllers\KasMasjid->DeleteKasMasuk('4')
 8 SYSTEMPATH\CodeIgniter.php(507): CodeIgniter\CodeIgniter->runController(Object(App\Controllers\KasMasjid))
 9 SYSTEMPATH\CodeIgniter.php(354): CodeIgniter\CodeIgniter->handleRequest(null, Object(Config\Cache), false)
10 SYSTEMPATH\Boot.php(334): CodeIgniter\CodeIgniter->run()
11 SYSTEMPATH\Boot.php(67): CodeIgniter\Boot::runCodeIgniter(Object(CodeIgniter\CodeIgniter))
12 FCPATH\index.php(56): CodeIgniter\Boot::bootWeb(Object(Config\Paths))
ERROR - 2025-06-15 14:10:09 --> mysqli_sql_exception: Table 'db-simasjid-ci4.kas_masjid' doesn't exist in C:\laragon\www\sistem-informasi-masjid\system\Database\MySQLi\Connection.php:327
Stack trace:
#0 C:\laragon\www\sistem-informasi-masjid\system\Database\MySQLi\Connection.php(327): mysqli->query('DELETE FROM `ka...', 0)
#1 C:\laragon\www\sistem-informasi-masjid\system\Database\BaseConnection.php(738): CodeIgniter\Database\MySQLi\Connection->execute('DELETE FROM `ka...')
#2 C:\laragon\www\sistem-informasi-masjid\system\Database\BaseConnection.php(652): CodeIgniter\Database\BaseConnection->simpleQuery('DELETE FROM `ka...')
#3 C:\laragon\www\sistem-informasi-masjid\system\Database\BaseBuilder.php(2848): CodeIgniter\Database\BaseConnection->query('DELETE FROM `ka...', Array, false)
#4 C:\laragon\www\sistem-informasi-masjid\app\Models\ModelKasMasjid.php(54): CodeIgniter\Database\BaseBuilder->delete(Array)
#5 C:\laragon\www\sistem-informasi-masjid\app\Controllers\KasMasjid.php(120): App\Models\ModelKasMasjid->DeleteKasMasuk(Array)
#6 C:\laragon\www\sistem-informasi-masjid\system\CodeIgniter.php(933): App\Controllers\KasMasjid->DeleteKasMasuk('4')
#7 C:\laragon\www\sistem-informasi-masjid\system\CodeIgniter.php(507): CodeIgniter\CodeIgniter->runController(Object(App\Controllers\KasMasjid))
#8 C:\laragon\www\sistem-informasi-masjid\system\CodeIgniter.php(354): CodeIgniter\CodeIgniter->handleRequest(NULL, Object(Config\Cache), false)
#9 C:\laragon\www\sistem-informasi-masjid\system\Boot.php(334): CodeIgniter\CodeIgniter->run()
#10 C:\laragon\www\sistem-informasi-masjid\system\Boot.php(67): CodeIgniter\Boot::runCodeIgniter(Object(CodeIgniter\CodeIgniter))
#11 C:\laragon\www\sistem-informasi-masjid\public\index.php(56): CodeIgniter\Boot::bootWeb(Object(Config\Paths))
#12 {main}
CRITICAL - 2025-06-15 14:10:09 --> CodeIgniter\Database\Exceptions\DatabaseException: Table 'db-simasjid-ci4.kas_masjid' doesn't exist
[Method: GET, Route: KasMasjid/DeleteKasMasuk/4]
in SYSTEMPATH\Database\BaseConnection.php on line 692.
 1 SYSTEMPATH\Database\BaseBuilder.php(2848): CodeIgniter\Database\BaseConnection->query('DELETE FROM `kas_masjid`
WHERE `id_kas` = :id_kas:', [...], false)
 2 APPPATH\Models\ModelKasMasjid.php(54): CodeIgniter\Database\BaseBuilder->delete([...])
 3 APPPATH\Controllers\KasMasjid.php(120): App\Models\ModelKasMasjid->DeleteKasMasuk([...])
 4 SYSTEMPATH\CodeIgniter.php(933): App\Controllers\KasMasjid->DeleteKasMasuk('4')
 5 SYSTEMPATH\CodeIgniter.php(507): CodeIgniter\CodeIgniter->runController(Object(App\Controllers\KasMasjid))
 6 SYSTEMPATH\CodeIgniter.php(354): CodeIgniter\CodeIgniter->handleRequest(null, Object(Config\Cache), false)
 7 SYSTEMPATH\Boot.php(334): CodeIgniter\CodeIgniter->run()
 8 SYSTEMPATH\Boot.php(67): CodeIgniter\Boot::runCodeIgniter(Object(CodeIgniter\CodeIgniter))
 9 FCPATH\index.php(56): CodeIgniter\Boot::bootWeb(Object(Config\Paths))
CRITICAL - 2025-06-15 14:10:09 --> [Caused by] CodeIgniter\Database\Exceptions\DatabaseException: Table 'db-simasjid-ci4.kas_masjid' doesn't exist
in SYSTEMPATH\Database\MySQLi\Connection.php on line 332.
 1 SYSTEMPATH\Database\BaseConnection.php(738): CodeIgniter\Database\MySQLi\Connection->execute('DELETE FROM `kas_masjid`
WHERE `id_kas` = \'4\'')
 2 SYSTEMPATH\Database\BaseConnection.php(652): CodeIgniter\Database\BaseConnection->simpleQuery('DELETE FROM `kas_masjid`
WHERE `id_kas` = \'4\'')
 3 SYSTEMPATH\Database\BaseBuilder.php(2848): CodeIgniter\Database\BaseConnection->query('DELETE FROM `kas_masjid`
WHERE `id_kas` = :id_kas:', [...], false)
 4 APPPATH\Models\ModelKasMasjid.php(54): CodeIgniter\Database\BaseBuilder->delete([...])
 5 APPPATH\Controllers\KasMasjid.php(120): App\Models\ModelKasMasjid->DeleteKasMasuk([...])
 6 SYSTEMPATH\CodeIgniter.php(933): App\Controllers\KasMasjid->DeleteKasMasuk('4')
 7 SYSTEMPATH\CodeIgniter.php(507): CodeIgniter\CodeIgniter->runController(Object(App\Controllers\KasMasjid))
 8 SYSTEMPATH\CodeIgniter.php(354): CodeIgniter\CodeIgniter->handleRequest(null, Object(Config\Cache), false)
 9 SYSTEMPATH\Boot.php(334): CodeIgniter\CodeIgniter->run()
10 SYSTEMPATH\Boot.php(67): CodeIgniter\Boot::runCodeIgniter(Object(CodeIgniter\CodeIgniter))
11 FCPATH\index.php(56): CodeIgniter\Boot::bootWeb(Object(Config\Paths))
CRITICAL - 2025-06-15 14:10:09 --> [Caused by] mysqli_sql_exception: Table 'db-simasjid-ci4.kas_masjid' doesn't exist
in SYSTEMPATH\Database\MySQLi\Connection.php on line 327.
 1 SYSTEMPATH\Database\MySQLi\Connection.php(327): mysqli->query('DELETE FROM `kas_masjid`
WHERE `id_kas` = \'4\'', 0)
 2 SYSTEMPATH\Database\BaseConnection.php(738): CodeIgniter\Database\MySQLi\Connection->execute('DELETE FROM `kas_masjid`
WHERE `id_kas` = \'4\'')
 3 SYSTEMPATH\Database\BaseConnection.php(652): CodeIgniter\Database\BaseConnection->simpleQuery('DELETE FROM `kas_masjid`
WHERE `id_kas` = \'4\'')
 4 SYSTEMPATH\Database\BaseBuilder.php(2848): CodeIgniter\Database\BaseConnection->query('DELETE FROM `kas_masjid`
WHERE `id_kas` = :id_kas:', [...], false)
 5 APPPATH\Models\ModelKasMasjid.php(54): CodeIgniter\Database\BaseBuilder->delete([...])
 6 APPPATH\Controllers\KasMasjid.php(120): App\Models\ModelKasMasjid->DeleteKasMasuk([...])
 7 SYSTEMPATH\CodeIgniter.php(933): App\Controllers\KasMasjid->DeleteKasMasuk('4')
 8 SYSTEMPATH\CodeIgniter.php(507): CodeIgniter\CodeIgniter->runController(Object(App\Controllers\KasMasjid))
 9 SYSTEMPATH\CodeIgniter.php(354): CodeIgniter\CodeIgniter->handleRequest(null, Object(Config\Cache), false)
10 SYSTEMPATH\Boot.php(334): CodeIgniter\CodeIgniter->run()
11 SYSTEMPATH\Boot.php(67): CodeIgniter\Boot::runCodeIgniter(Object(CodeIgniter\CodeIgniter))
12 FCPATH\index.php(56): CodeIgniter\Boot::bootWeb(Object(Config\Paths))
DEBUG - 2025-06-15 14:11:15 --> Session: Class initialized using 'CodeIgniter\Session\Handlers\FileHandler' driver.
DEBUG - 2025-06-15 14:11:16 --> Session: Class initialized using 'CodeIgniter\Session\Handlers\FileHandler' driver.
CRITICAL - 2025-06-15 14:12:35 --> CodeIgniter\Database\Exceptions\DatabaseException: You must set the database table to be used with your query.
[Method: POST, Route: KasMasjid/InsertKasMasuk]
in SYSTEMPATH\Database\BaseConnection.php on line 941.
 1 SYSTEMPATH\Model.php(714): CodeIgniter\Database\BaseConnection->table(null)
 2 SYSTEMPATH\Model.php(920): CodeIgniter\Model->builder()
 3 APPPATH\Controllers\KasMasjid.php(66): CodeIgniter\Model->__call('InsertKasMasuk', [...])
 4 SYSTEMPATH\CodeIgniter.php(933): App\Controllers\KasMasjid->InsertKasMasuk()
 5 SYSTEMPATH\CodeIgniter.php(507): CodeIgniter\CodeIgniter->runController(Object(App\Controllers\KasMasjid))
 6 SYSTEMPATH\CodeIgniter.php(354): CodeIgniter\CodeIgniter->handleRequest(null, Object(Config\Cache), false)
 7 SYSTEMPATH\Boot.php(334): CodeIgniter\CodeIgniter->run()
 8 SYSTEMPATH\Boot.php(67): CodeIgniter\Boot::runCodeIgniter(Object(CodeIgniter\CodeIgniter))
 9 FCPATH\index.php(56): CodeIgniter\Boot::bootWeb(Object(Config\Paths))
DEBUG - 2025-06-15 14:13:03 --> Session: Class initialized using 'CodeIgniter\Session\Handlers\FileHandler' driver.
DEBUG - 2025-06-15 14:13:04 --> Session: Class initialized using 'CodeIgniter\Session\Handlers\FileHandler' driver.
DEBUG - 2025-06-15 14:13:51 --> Session: Class initialized using 'CodeIgniter\Session\Handlers\FileHandler' driver.
DEBUG - 2025-06-15 14:13:51 --> Session: Class initialized using 'CodeIgniter\Session\Handlers\FileHandler' driver.
DEBUG - 2025-06-15 14:27:40 --> Session: Class initialized using 'CodeIgniter\Session\Handlers\FileHandler' driver.
CRITICAL - 2025-06-15 14:27:54 --> ErrorException: Undefined property: App\Controllers\KasMasjid::$KasModel
[Method: GET, Route: KasMasjid/DeleteKasMasuk/6]
in APPPATH\Controllers\KasMasjid.php on line 116.
 1 APPPATH\Controllers\KasMasjid.php(116): CodeIgniter\Debug\Exceptions->errorHandler(2, 'Undefined property: App\\Controllers\\KasMasjid::$KasModel', 'C:\\laragon\\www\\sistem-informasi-masjid\\app\\Controllers\\KasMasjid.php', 116)
 2 SYSTEMPATH\CodeIgniter.php(933): App\Controllers\KasMasjid->DeleteKasMasuk('6')
 3 SYSTEMPATH\CodeIgniter.php(507): CodeIgniter\CodeIgniter->runController(Object(App\Controllers\KasMasjid))
 4 SYSTEMPATH\CodeIgniter.php(354): CodeIgniter\CodeIgniter->handleRequest(null, Object(Config\Cache), false)
 5 SYSTEMPATH\Boot.php(334): CodeIgniter\CodeIgniter->run()
 6 SYSTEMPATH\Boot.php(67): CodeIgniter\Boot::runCodeIgniter(Object(CodeIgniter\CodeIgniter))
 7 FCPATH\index.php(56): CodeIgniter\Boot::bootWeb(Object(Config\Paths))
DEBUG - 2025-06-15 14:32:57 --> Session: Class initialized using 'CodeIgniter\Session\Handlers\FileHandler' driver.
DEBUG - 2025-06-15 14:32:57 --> Session: Class initialized using 'CodeIgniter\Session\Handlers\FileHandler' driver.
DEBUG - 2025-06-15 14:34:13 --> Session: Class initialized using 'CodeIgniter\Session\Handlers\FileHandler' driver.
DEBUG - 2025-06-15 14:34:13 --> Session: Class initialized using 'CodeIgniter\Session\Handlers\FileHandler' driver.
DEBUG - 2025-06-15 14:34:18 --> Session: Class initialized using 'CodeIgniter\Session\Handlers\FileHandler' driver.
DEBUG - 2025-06-15 14:34:57 --> Session: Class initialized using 'CodeIgniter\Session\Handlers\FileHandler' driver.
DEBUG - 2025-06-15 14:34:58 --> Session: Class initialized using 'CodeIgniter\Session\Handlers\FileHandler' driver.
DEBUG - 2025-06-15 14:35:09 --> Session: Class initialized using 'CodeIgniter\Session\Handlers\FileHandler' driver.
DEBUG - 2025-06-15 14:35:15 --> Session: Class initialized using 'CodeIgniter\Session\Handlers\FileHandler' driver.
DEBUG - 2025-06-15 14:42:38 --> Session: Class initialized using 'CodeIgniter\Session\Handlers\FileHandler' driver.
DEBUG - 2025-06-15 14:42:46 --> Session: Class initialized using 'CodeIgniter\Session\Handlers\FileHandler' driver.
DEBUG - 2025-06-15 14:43:10 --> Session: Class initialized using 'CodeIgniter\Session\Handlers\FileHandler' driver.
DEBUG - 2025-06-15 14:43:10 --> Session: Class initialized using 'CodeIgniter\Session\Handlers\FileHandler' driver.
DEBUG - 2025-06-15 14:43:18 --> Session: Class initialized using 'CodeIgniter\Session\Handlers\FileHandler' driver.
DEBUG - 2025-06-15 14:43:18 --> Session: Class initialized using 'CodeIgniter\Session\Handlers\FileHandler' driver.
DEBUG - 2025-06-15 14:43:41 --> Session: Class initialized using 'CodeIgniter\Session\Handlers\FileHandler' driver.
DEBUG - 2025-06-15 14:43:45 --> Session: Class initialized using 'CodeIgniter\Session\Handlers\FileHandler' driver.
DEBUG - 2025-06-15 15:01:30 --> Session: Class initialized using 'CodeIgniter\Session\Handlers\FileHandler' driver.
DEBUG - 2025-06-15 15:01:35 --> Session: Class initialized using 'CodeIgniter\Session\Handlers\FileHandler' driver.
DEBUG - 2025-06-15 15:01:46 --> Session: Class initialized using 'CodeIgniter\Session\Handlers\FileHandler' driver.
DEBUG - 2025-06-15 15:02:17 --> Session: Class initialized using 'CodeIgniter\Session\Handlers\FileHandler' driver.
DEBUG - 2025-06-15 15:02:18 --> Session: Class initialized using 'CodeIgniter\Session\Handlers\FileHandler' driver.
DEBUG - 2025-06-15 15:02:59 --> Session: Class initialized using 'CodeIgniter\Session\Handlers\FileHandler' driver.
DEBUG - 2025-06-15 15:03:00 --> Session: Class initialized using 'CodeIgniter\Session\Handlers\FileHandler' driver.
DEBUG - 2025-06-15 15:03:11 --> Session: Class initialized using 'CodeIgniter\Session\Handlers\FileHandler' driver.
DEBUG - 2025-06-15 15:03:12 --> Session: Class initialized using 'CodeIgniter\Session\Handlers\FileHandler' driver.
DEBUG - 2025-06-15 15:03:17 --> Session: Class initialized using 'CodeIgniter\Session\Handlers\FileHandler' driver.
DEBUG - 2025-06-15 15:03:27 --> Session: Class initialized using 'CodeIgniter\Session\Handlers\FileHandler' driver.
DEBUG - 2025-06-15 15:03:27 --> Session: Class initialized using 'CodeIgniter\Session\Handlers\FileHandler' driver.
