CRITICAL - 2025-05-06 01:48:25 --> ErrorException: Trying to access array offset on value of type bool
[Method: GET, Route: admin/setting]
in APPPATH\Views\v_setting.php on line 20.
 1 APPPATH\Views\v_setting.php(20): CodeIgniter\Debug\Exceptions->errorHandler(2, 'Trying to access array offset on value of type bool', 'C:\\laragon\\www\\bisa\\sistem-informasi-masjid\\app\\Views\\v_setting.php', 20)
 2 SYSTEMPATH\View\View.php(224): include('C:\\laragon\\www\\bisa\\sistem-informasi-masjid\\app\\Views\\v_setting.php')
 3 SYSTEMPATH\View\View.php(227): CodeIgniter\View\View->CodeIgniter\View\{closure}()
 4 SYSTEMPATH\Common.php(1173): CodeIgniter\View\View->render('v_setting', [], true)
 5 APPPATH\Views\v_template_admin.php(232): view('v_setting')
 6 SYSTEMPATH\View\View.php(224): include('C:\\laragon\\www\\bisa\\sistem-informasi-masjid\\app\\Views\\v_template_admin.php')
 7 SYSTEMPATH\View\View.php(227): CodeIgniter\View\View->CodeIgniter\View\{closure}()
 8 SYSTEMPATH\Common.php(1173): CodeIgniter\View\View->render('v_template_admin', [], true)
 9 APPPATH\Controllers\Admin.php(47): view('v_template_admin', [...])
10 SYSTEMPATH\CodeIgniter.php(933): App\Controllers\Admin->setting()
11 SYSTEMPATH\CodeIgniter.php(507): CodeIgniter\CodeIgniter->runController(Object(App\Controllers\Admin))
12 SYSTEMPATH\CodeIgniter.php(354): CodeIgniter\CodeIgniter->handleRequest(null, Object(Config\Cache), false)
13 SYSTEMPATH\Boot.php(334): CodeIgniter\CodeIgniter->run()
14 SYSTEMPATH\Boot.php(67): CodeIgniter\Boot::runCodeIgniter(Object(CodeIgniter\CodeIgniter))
15 FCPATH\index.php(56): CodeIgniter\Boot::bootWeb(Object(Config\Paths))
CRITICAL - 2025-05-06 01:48:30 --> ErrorException: Trying to access array offset on value of type bool
[Method: GET, Route: admin/setting]
in APPPATH\Views\v_setting.php on line 20.
 1 APPPATH\Views\v_setting.php(20): CodeIgniter\Debug\Exceptions->errorHandler(2, 'Trying to access array offset on value of type bool', 'C:\\laragon\\www\\bisa\\sistem-informasi-masjid\\app\\Views\\v_setting.php', 20)
 2 SYSTEMPATH\View\View.php(224): include('C:\\laragon\\www\\bisa\\sistem-informasi-masjid\\app\\Views\\v_setting.php')
 3 SYSTEMPATH\View\View.php(227): CodeIgniter\View\View->CodeIgniter\View\{closure}()
 4 SYSTEMPATH\Common.php(1173): CodeIgniter\View\View->render('v_setting', [], true)
 5 APPPATH\Views\v_template_admin.php(232): view('v_setting')
 6 SYSTEMPATH\View\View.php(224): include('C:\\laragon\\www\\bisa\\sistem-informasi-masjid\\app\\Views\\v_template_admin.php')
 7 SYSTEMPATH\View\View.php(227): CodeIgniter\View\View->CodeIgniter\View\{closure}()
 8 SYSTEMPATH\Common.php(1173): CodeIgniter\View\View->render('v_template_admin', [], true)
 9 APPPATH\Controllers\Admin.php(47): view('v_template_admin', [...])
10 SYSTEMPATH\CodeIgniter.php(933): App\Controllers\Admin->setting()
11 SYSTEMPATH\CodeIgniter.php(507): CodeIgniter\CodeIgniter->runController(Object(App\Controllers\Admin))
12 SYSTEMPATH\CodeIgniter.php(354): CodeIgniter\CodeIgniter->handleRequest(null, Object(Config\Cache), false)
13 SYSTEMPATH\Boot.php(334): CodeIgniter\CodeIgniter->run()
14 SYSTEMPATH\Boot.php(67): CodeIgniter\Boot::runCodeIgniter(Object(CodeIgniter\CodeIgniter))
15 FCPATH\index.php(56): CodeIgniter\Boot::bootWeb(Object(Config\Paths))
CRITICAL - 2025-05-06 01:49:32 --> ErrorException: Trying to access array offset on value of type bool
[Method: GET, Route: admin/setting]
in APPPATH\Views\v_setting.php on line 20.
 1 APPPATH\Views\v_setting.php(20): CodeIgniter\Debug\Exceptions->errorHandler(2, 'Trying to access array offset on value of type bool', 'C:\\laragon\\www\\bisa\\sistem-informasi-masjid\\app\\Views\\v_setting.php', 20)
 2 SYSTEMPATH\View\View.php(224): include('C:\\laragon\\www\\bisa\\sistem-informasi-masjid\\app\\Views\\v_setting.php')
 3 SYSTEMPATH\View\View.php(227): CodeIgniter\View\View->CodeIgniter\View\{closure}()
 4 SYSTEMPATH\Common.php(1173): CodeIgniter\View\View->render('v_setting', [], true)
 5 APPPATH\Views\v_template_admin.php(232): view('v_setting')
 6 SYSTEMPATH\View\View.php(224): include('C:\\laragon\\www\\bisa\\sistem-informasi-masjid\\app\\Views\\v_template_admin.php')
 7 SYSTEMPATH\View\View.php(227): CodeIgniter\View\View->CodeIgniter\View\{closure}()
 8 SYSTEMPATH\Common.php(1173): CodeIgniter\View\View->render('v_template_admin', [], true)
 9 APPPATH\Controllers\Admin.php(47): view('v_template_admin', [...])
10 SYSTEMPATH\CodeIgniter.php(933): App\Controllers\Admin->setting()
11 SYSTEMPATH\CodeIgniter.php(507): CodeIgniter\CodeIgniter->runController(Object(App\Controllers\Admin))
12 SYSTEMPATH\CodeIgniter.php(354): CodeIgniter\CodeIgniter->handleRequest(null, Object(Config\Cache), false)
13 SYSTEMPATH\Boot.php(334): CodeIgniter\CodeIgniter->run()
14 SYSTEMPATH\Boot.php(67): CodeIgniter\Boot::runCodeIgniter(Object(CodeIgniter\CodeIgniter))
15 FCPATH\index.php(56): CodeIgniter\Boot::bootWeb(Object(Config\Paths))
CRITICAL - 2025-05-06 01:50:40 --> ErrorException: Trying to access array offset on value of type bool
[Method: GET, Route: admin/setting]
in APPPATH\Views\v_setting.php on line 20.
 1 APPPATH\Views\v_setting.php(20): CodeIgniter\Debug\Exceptions->errorHandler(2, 'Trying to access array offset on value of type bool', 'C:\\laragon\\www\\bisa\\sistem-informasi-masjid\\app\\Views\\v_setting.php', 20)
 2 SYSTEMPATH\View\View.php(224): include('C:\\laragon\\www\\bisa\\sistem-informasi-masjid\\app\\Views\\v_setting.php')
 3 SYSTEMPATH\View\View.php(227): CodeIgniter\View\View->CodeIgniter\View\{closure}()
 4 SYSTEMPATH\Common.php(1173): CodeIgniter\View\View->render('v_setting', [], true)
 5 APPPATH\Views\v_template_admin.php(232): view('v_setting')
 6 SYSTEMPATH\View\View.php(224): include('C:\\laragon\\www\\bisa\\sistem-informasi-masjid\\app\\Views\\v_template_admin.php')
 7 SYSTEMPATH\View\View.php(227): CodeIgniter\View\View->CodeIgniter\View\{closure}()
 8 SYSTEMPATH\Common.php(1173): CodeIgniter\View\View->render('v_template_admin', [], true)
 9 APPPATH\Controllers\Admin.php(47): view('v_template_admin', [...])
10 SYSTEMPATH\CodeIgniter.php(933): App\Controllers\Admin->setting()
11 SYSTEMPATH\CodeIgniter.php(507): CodeIgniter\CodeIgniter->runController(Object(App\Controllers\Admin))
12 SYSTEMPATH\CodeIgniter.php(354): CodeIgniter\CodeIgniter->handleRequest(null, Object(Config\Cache), false)
13 SYSTEMPATH\Boot.php(334): CodeIgniter\CodeIgniter->run()
14 SYSTEMPATH\Boot.php(67): CodeIgniter\Boot::runCodeIgniter(Object(CodeIgniter\CodeIgniter))
15 FCPATH\index.php(56): CodeIgniter\Boot::bootWeb(Object(Config\Paths))
CRITICAL - 2025-05-06 01:53:21 --> ErrorException: Trying to access array offset on value of type bool
[Method: GET, Route: admin/setting]
in APPPATH\Views\v_setting.php on line 20.
 1 APPPATH\Views\v_setting.php(20): CodeIgniter\Debug\Exceptions->errorHandler(2, 'Trying to access array offset on value of type bool', 'C:\\laragon\\www\\bisa\\sistem-informasi-masjid\\app\\Views\\v_setting.php', 20)
 2 SYSTEMPATH\View\View.php(224): include('C:\\laragon\\www\\bisa\\sistem-informasi-masjid\\app\\Views\\v_setting.php')
 3 SYSTEMPATH\View\View.php(227): CodeIgniter\View\View->CodeIgniter\View\{closure}()
 4 SYSTEMPATH\Common.php(1173): CodeIgniter\View\View->render('v_setting', [], true)
 5 APPPATH\Views\v_template_admin.php(232): view('v_setting')
 6 SYSTEMPATH\View\View.php(224): include('C:\\laragon\\www\\bisa\\sistem-informasi-masjid\\app\\Views\\v_template_admin.php')
 7 SYSTEMPATH\View\View.php(227): CodeIgniter\View\View->CodeIgniter\View\{closure}()
 8 SYSTEMPATH\Common.php(1173): CodeIgniter\View\View->render('v_template_admin', [], true)
 9 APPPATH\Controllers\Admin.php(47): view('v_template_admin', [...])
10 SYSTEMPATH\CodeIgniter.php(933): App\Controllers\Admin->setting()
11 SYSTEMPATH\CodeIgniter.php(507): CodeIgniter\CodeIgniter->runController(Object(App\Controllers\Admin))
12 SYSTEMPATH\CodeIgniter.php(354): CodeIgniter\CodeIgniter->handleRequest(null, Object(Config\Cache), false)
13 SYSTEMPATH\Boot.php(334): CodeIgniter\CodeIgniter->run()
14 SYSTEMPATH\Boot.php(67): CodeIgniter\Boot::runCodeIgniter(Object(CodeIgniter\CodeIgniter))
15 FCPATH\index.php(56): CodeIgniter\Boot::bootWeb(Object(Config\Paths))
CRITICAL - 2025-05-06 01:53:51 --> ErrorException: Trying to access array offset on value of type bool
[Method: GET, Route: admin/setting]
in APPPATH\Views\v_setting.php on line 20.
 1 APPPATH\Views\v_setting.php(20): CodeIgniter\Debug\Exceptions->errorHandler(2, 'Trying to access array offset on value of type bool', 'C:\\laragon\\www\\bisa\\sistem-informasi-masjid\\app\\Views\\v_setting.php', 20)
 2 SYSTEMPATH\View\View.php(224): include('C:\\laragon\\www\\bisa\\sistem-informasi-masjid\\app\\Views\\v_setting.php')
 3 SYSTEMPATH\View\View.php(227): CodeIgniter\View\View->CodeIgniter\View\{closure}()
 4 SYSTEMPATH\Common.php(1173): CodeIgniter\View\View->render('v_setting', [], true)
 5 APPPATH\Views\v_template_admin.php(232): view('v_setting')
 6 SYSTEMPATH\View\View.php(224): include('C:\\laragon\\www\\bisa\\sistem-informasi-masjid\\app\\Views\\v_template_admin.php')
 7 SYSTEMPATH\View\View.php(227): CodeIgniter\View\View->CodeIgniter\View\{closure}()
 8 SYSTEMPATH\Common.php(1173): CodeIgniter\View\View->render('v_template_admin', [], true)
 9 APPPATH\Controllers\Admin.php(47): view('v_template_admin', [...])
10 SYSTEMPATH\CodeIgniter.php(933): App\Controllers\Admin->setting()
11 SYSTEMPATH\CodeIgniter.php(507): CodeIgniter\CodeIgniter->runController(Object(App\Controllers\Admin))
12 SYSTEMPATH\CodeIgniter.php(354): CodeIgniter\CodeIgniter->handleRequest(null, Object(Config\Cache), false)
13 SYSTEMPATH\Boot.php(334): CodeIgniter\CodeIgniter->run()
14 SYSTEMPATH\Boot.php(67): CodeIgniter\Boot::runCodeIgniter(Object(CodeIgniter\CodeIgniter))
15 FCPATH\index.php(56): CodeIgniter\Boot::bootWeb(Object(Config\Paths))
CRITICAL - 2025-05-06 01:57:16 --> ErrorException: Trying to access array offset on value of type bool
[Method: GET, Route: admin/setting]
in APPPATH\Views\v_setting.php on line 20.
 1 APPPATH\Views\v_setting.php(20): CodeIgniter\Debug\Exceptions->errorHandler(2, 'Trying to access array offset on value of type bool', 'C:\\laragon\\www\\bisa\\sistem-informasi-masjid\\app\\Views\\v_setting.php', 20)
 2 SYSTEMPATH\View\View.php(224): include('C:\\laragon\\www\\bisa\\sistem-informasi-masjid\\app\\Views\\v_setting.php')
 3 SYSTEMPATH\View\View.php(227): CodeIgniter\View\View->CodeIgniter\View\{closure}()
 4 SYSTEMPATH\Common.php(1173): CodeIgniter\View\View->render('v_setting', [], true)
 5 APPPATH\Views\v_template_admin.php(232): view('v_setting')
 6 SYSTEMPATH\View\View.php(224): include('C:\\laragon\\www\\bisa\\sistem-informasi-masjid\\app\\Views\\v_template_admin.php')
 7 SYSTEMPATH\View\View.php(227): CodeIgniter\View\View->CodeIgniter\View\{closure}()
 8 SYSTEMPATH\Common.php(1173): CodeIgniter\View\View->render('v_template_admin', [], true)
 9 APPPATH\Controllers\Admin.php(47): view('v_template_admin', [...])
10 SYSTEMPATH\CodeIgniter.php(933): App\Controllers\Admin->setting()
11 SYSTEMPATH\CodeIgniter.php(507): CodeIgniter\CodeIgniter->runController(Object(App\Controllers\Admin))
12 SYSTEMPATH\CodeIgniter.php(354): CodeIgniter\CodeIgniter->handleRequest(null, Object(Config\Cache), false)
13 SYSTEMPATH\Boot.php(334): CodeIgniter\CodeIgniter->run()
14 SYSTEMPATH\Boot.php(67): CodeIgniter\Boot::runCodeIgniter(Object(CodeIgniter\CodeIgniter))
15 FCPATH\index.php(56): CodeIgniter\Boot::bootWeb(Object(Config\Paths))
CRITICAL - 2025-05-06 02:01:50 --> ErrorException: Trying to access array offset on value of type bool
[Method: GET, Route: admin/setting]
in APPPATH\Views\v_setting.php on line 19.
 1 APPPATH\Views\v_setting.php(19): CodeIgniter\Debug\Exceptions->errorHandler(2, 'Trying to access array offset on value of type bool', 'C:\\laragon\\www\\bisa\\sistem-informasi-masjid\\app\\Views\\v_setting.php', 19)
 2 SYSTEMPATH\View\View.php(224): include('C:\\laragon\\www\\bisa\\sistem-informasi-masjid\\app\\Views\\v_setting.php')
 3 SYSTEMPATH\View\View.php(227): CodeIgniter\View\View->CodeIgniter\View\{closure}()
 4 SYSTEMPATH\Common.php(1173): CodeIgniter\View\View->render('v_setting', [], true)
 5 APPPATH\Views\v_template_admin.php(232): view('v_setting')
 6 SYSTEMPATH\View\View.php(224): include('C:\\laragon\\www\\bisa\\sistem-informasi-masjid\\app\\Views\\v_template_admin.php')
 7 SYSTEMPATH\View\View.php(227): CodeIgniter\View\View->CodeIgniter\View\{closure}()
 8 SYSTEMPATH\Common.php(1173): CodeIgniter\View\View->render('v_template_admin', [], true)
 9 APPPATH\Controllers\Admin.php(47): view('v_template_admin', [...])
10 SYSTEMPATH\CodeIgniter.php(933): App\Controllers\Admin->setting()
11 SYSTEMPATH\CodeIgniter.php(507): CodeIgniter\CodeIgniter->runController(Object(App\Controllers\Admin))
12 SYSTEMPATH\CodeIgniter.php(354): CodeIgniter\CodeIgniter->handleRequest(null, Object(Config\Cache), false)
13 SYSTEMPATH\Boot.php(334): CodeIgniter\CodeIgniter->run()
14 SYSTEMPATH\Boot.php(67): CodeIgniter\Boot::runCodeIgniter(Object(CodeIgniter\CodeIgniter))
15 FCPATH\index.php(56): CodeIgniter\Boot::bootWeb(Object(Config\Paths))
CRITICAL - 2025-05-06 02:09:59 --> ErrorException: Trying to access array offset on value of type bool
[Method: GET, Route: admin/setting]
in APPPATH\Views\v_setting.php on line 20.
 1 APPPATH\Views\v_setting.php(20): CodeIgniter\Debug\Exceptions->errorHandler(2, 'Trying to access array offset on value of type bool', 'C:\\laragon\\www\\bisa\\sistem-informasi-masjid\\app\\Views\\v_setting.php', 20)
 2 SYSTEMPATH\View\View.php(224): include('C:\\laragon\\www\\bisa\\sistem-informasi-masjid\\app\\Views\\v_setting.php')
 3 SYSTEMPATH\View\View.php(227): CodeIgniter\View\View->CodeIgniter\View\{closure}()
 4 SYSTEMPATH\Common.php(1173): CodeIgniter\View\View->render('v_setting', [], true)
 5 APPPATH\Views\v_template_admin.php(232): view('v_setting')
 6 SYSTEMPATH\View\View.php(224): include('C:\\laragon\\www\\bisa\\sistem-informasi-masjid\\app\\Views\\v_template_admin.php')
 7 SYSTEMPATH\View\View.php(227): CodeIgniter\View\View->CodeIgniter\View\{closure}()
 8 SYSTEMPATH\Common.php(1173): CodeIgniter\View\View->render('v_template_admin', [], true)
 9 APPPATH\Controllers\Admin.php(47): view('v_template_admin', [...])
10 SYSTEMPATH\CodeIgniter.php(933): App\Controllers\Admin->setting()
11 SYSTEMPATH\CodeIgniter.php(507): CodeIgniter\CodeIgniter->runController(Object(App\Controllers\Admin))
12 SYSTEMPATH\CodeIgniter.php(354): CodeIgniter\CodeIgniter->handleRequest(null, Object(Config\Cache), false)
13 SYSTEMPATH\Boot.php(334): CodeIgniter\CodeIgniter->run()
14 SYSTEMPATH\Boot.php(67): CodeIgniter\Boot::runCodeIgniter(Object(CodeIgniter\CodeIgniter))
15 FCPATH\index.php(56): CodeIgniter\Boot::bootWeb(Object(Config\Paths))
CRITICAL - 2025-05-06 02:14:59 --> ErrorException: Trying to access array offset on value of type bool
[Method: GET, Route: admin/setting]
in APPPATH\Views\v_setting.php on line 20.
 1 APPPATH\Views\v_setting.php(20): CodeIgniter\Debug\Exceptions->errorHandler(2, 'Trying to access array offset on value of type bool', 'C:\\laragon\\www\\bisa\\sistem-informasi-masjid\\app\\Views\\v_setting.php', 20)
 2 SYSTEMPATH\View\View.php(224): include('C:\\laragon\\www\\bisa\\sistem-informasi-masjid\\app\\Views\\v_setting.php')
 3 SYSTEMPATH\View\View.php(227): CodeIgniter\View\View->CodeIgniter\View\{closure}()
 4 SYSTEMPATH\Common.php(1173): CodeIgniter\View\View->render('v_setting', [], true)
 5 APPPATH\Views\v_template_admin.php(232): view('v_setting')
 6 SYSTEMPATH\View\View.php(224): include('C:\\laragon\\www\\bisa\\sistem-informasi-masjid\\app\\Views\\v_template_admin.php')
 7 SYSTEMPATH\View\View.php(227): CodeIgniter\View\View->CodeIgniter\View\{closure}()
 8 SYSTEMPATH\Common.php(1173): CodeIgniter\View\View->render('v_template_admin', [], true)
 9 APPPATH\Controllers\Admin.php(47): view('v_template_admin', [...])
10 SYSTEMPATH\CodeIgniter.php(933): App\Controllers\Admin->setting()
11 SYSTEMPATH\CodeIgniter.php(507): CodeIgniter\CodeIgniter->runController(Object(App\Controllers\Admin))
12 SYSTEMPATH\CodeIgniter.php(354): CodeIgniter\CodeIgniter->handleRequest(null, Object(Config\Cache), false)
13 SYSTEMPATH\Boot.php(334): CodeIgniter\CodeIgniter->run()
14 SYSTEMPATH\Boot.php(67): CodeIgniter\Boot::runCodeIgniter(Object(CodeIgniter\CodeIgniter))
15 FCPATH\index.php(56): CodeIgniter\Boot::bootWeb(Object(Config\Paths))
CRITICAL - 2025-05-06 02:17:01 --> ErrorException: Trying to access array offset on value of type bool
[Method: GET, Route: admin/setting]
in APPPATH\Views\v_setting.php on line 20.
 1 APPPATH\Views\v_setting.php(20): CodeIgniter\Debug\Exceptions->errorHandler(2, 'Trying to access array offset on value of type bool', 'C:\\laragon\\www\\bisa\\sistem-informasi-masjid\\app\\Views\\v_setting.php', 20)
 2 SYSTEMPATH\View\View.php(224): include('C:\\laragon\\www\\bisa\\sistem-informasi-masjid\\app\\Views\\v_setting.php')
 3 SYSTEMPATH\View\View.php(227): CodeIgniter\View\View->CodeIgniter\View\{closure}()
 4 SYSTEMPATH\Common.php(1173): CodeIgniter\View\View->render('v_setting', [], true)
 5 APPPATH\Views\v_template_admin.php(232): view('v_setting')
 6 SYSTEMPATH\View\View.php(224): include('C:\\laragon\\www\\bisa\\sistem-informasi-masjid\\app\\Views\\v_template_admin.php')
 7 SYSTEMPATH\View\View.php(227): CodeIgniter\View\View->CodeIgniter\View\{closure}()
 8 SYSTEMPATH\Common.php(1173): CodeIgniter\View\View->render('v_template_admin', [], true)
 9 APPPATH\Controllers\Admin.php(47): view('v_template_admin', [...])
10 SYSTEMPATH\CodeIgniter.php(933): App\Controllers\Admin->setting()
11 SYSTEMPATH\CodeIgniter.php(507): CodeIgniter\CodeIgniter->runController(Object(App\Controllers\Admin))
12 SYSTEMPATH\CodeIgniter.php(354): CodeIgniter\CodeIgniter->handleRequest(null, Object(Config\Cache), false)
13 SYSTEMPATH\Boot.php(334): CodeIgniter\CodeIgniter->run()
14 SYSTEMPATH\Boot.php(67): CodeIgniter\Boot::runCodeIgniter(Object(CodeIgniter\CodeIgniter))
15 FCPATH\index.php(56): CodeIgniter\Boot::bootWeb(Object(Config\Paths))
CRITICAL - 2025-05-06 02:18:50 --> ErrorException: Trying to access array offset on value of type bool
[Method: GET, Route: admin/setting]
in APPPATH\Views\v_setting.php on line 20.
 1 APPPATH\Views\v_setting.php(20): CodeIgniter\Debug\Exceptions->errorHandler(2, 'Trying to access array offset on value of type bool', 'C:\\laragon\\www\\bisa\\sistem-informasi-masjid\\app\\Views\\v_setting.php', 20)
 2 SYSTEMPATH\View\View.php(224): include('C:\\laragon\\www\\bisa\\sistem-informasi-masjid\\app\\Views\\v_setting.php')
 3 SYSTEMPATH\View\View.php(227): CodeIgniter\View\View->CodeIgniter\View\{closure}()
 4 SYSTEMPATH\Common.php(1173): CodeIgniter\View\View->render('v_setting', [], true)
 5 APPPATH\Views\v_template_admin.php(232): view('v_setting')
 6 SYSTEMPATH\View\View.php(224): include('C:\\laragon\\www\\bisa\\sistem-informasi-masjid\\app\\Views\\v_template_admin.php')
 7 SYSTEMPATH\View\View.php(227): CodeIgniter\View\View->CodeIgniter\View\{closure}()
 8 SYSTEMPATH\Common.php(1173): CodeIgniter\View\View->render('v_template_admin', [], true)
 9 APPPATH\Controllers\Admin.php(47): view('v_template_admin', [...])
10 SYSTEMPATH\CodeIgniter.php(933): App\Controllers\Admin->setting()
11 SYSTEMPATH\CodeIgniter.php(507): CodeIgniter\CodeIgniter->runController(Object(App\Controllers\Admin))
12 SYSTEMPATH\CodeIgniter.php(354): CodeIgniter\CodeIgniter->handleRequest(null, Object(Config\Cache), false)
13 SYSTEMPATH\Boot.php(334): CodeIgniter\CodeIgniter->run()
14 SYSTEMPATH\Boot.php(67): CodeIgniter\Boot::runCodeIgniter(Object(CodeIgniter\CodeIgniter))
15 FCPATH\index.php(56): CodeIgniter\Boot::bootWeb(Object(Config\Paths))
CRITICAL - 2025-05-06 02:24:16 --> ErrorException: Trying to access array offset on value of type bool
[Method: GET, Route: admin/setting]
in APPPATH\Views\v_setting.php on line 20.
 1 APPPATH\Views\v_setting.php(20): CodeIgniter\Debug\Exceptions->errorHandler(2, 'Trying to access array offset on value of type bool', 'C:\\laragon\\www\\bisa\\sistem-informasi-masjid\\app\\Views\\v_setting.php', 20)
 2 SYSTEMPATH\View\View.php(224): include('C:\\laragon\\www\\bisa\\sistem-informasi-masjid\\app\\Views\\v_setting.php')
 3 SYSTEMPATH\View\View.php(227): CodeIgniter\View\View->CodeIgniter\View\{closure}()
 4 SYSTEMPATH\Common.php(1173): CodeIgniter\View\View->render('v_setting', [], true)
 5 APPPATH\Views\v_template_admin.php(232): view('v_setting')
 6 SYSTEMPATH\View\View.php(224): include('C:\\laragon\\www\\bisa\\sistem-informasi-masjid\\app\\Views\\v_template_admin.php')
 7 SYSTEMPATH\View\View.php(227): CodeIgniter\View\View->CodeIgniter\View\{closure}()
 8 SYSTEMPATH\Common.php(1173): CodeIgniter\View\View->render('v_template_admin', [], true)
 9 APPPATH\Controllers\Admin.php(45): view('v_template_admin', [...])
10 SYSTEMPATH\CodeIgniter.php(933): App\Controllers\Admin->setting()
11 SYSTEMPATH\CodeIgniter.php(507): CodeIgniter\CodeIgniter->runController(Object(App\Controllers\Admin))
12 SYSTEMPATH\CodeIgniter.php(354): CodeIgniter\CodeIgniter->handleRequest(null, Object(Config\Cache), false)
13 SYSTEMPATH\Boot.php(334): CodeIgniter\CodeIgniter->run()
14 SYSTEMPATH\Boot.php(67): CodeIgniter\Boot::runCodeIgniter(Object(CodeIgniter\CodeIgniter))
15 FCPATH\index.php(56): CodeIgniter\Boot::bootWeb(Object(Config\Paths))
CRITICAL - 2025-05-06 02:24:26 --> ErrorException: Trying to access array offset on value of type bool
[Method: GET, Route: admin/setting]
in APPPATH\Views\v_setting.php on line 20.
 1 APPPATH\Views\v_setting.php(20): CodeIgniter\Debug\Exceptions->errorHandler(2, 'Trying to access array offset on value of type bool', 'C:\\laragon\\www\\bisa\\sistem-informasi-masjid\\app\\Views\\v_setting.php', 20)
 2 SYSTEMPATH\View\View.php(224): include('C:\\laragon\\www\\bisa\\sistem-informasi-masjid\\app\\Views\\v_setting.php')
 3 SYSTEMPATH\View\View.php(227): CodeIgniter\View\View->CodeIgniter\View\{closure}()
 4 SYSTEMPATH\Common.php(1173): CodeIgniter\View\View->render('v_setting', [], true)
 5 APPPATH\Views\v_template_admin.php(232): view('v_setting')
 6 SYSTEMPATH\View\View.php(224): include('C:\\laragon\\www\\bisa\\sistem-informasi-masjid\\app\\Views\\v_template_admin.php')
 7 SYSTEMPATH\View\View.php(227): CodeIgniter\View\View->CodeIgniter\View\{closure}()
 8 SYSTEMPATH\Common.php(1173): CodeIgniter\View\View->render('v_template_admin', [], true)
 9 APPPATH\Controllers\Admin.php(45): view('v_template_admin', [...])
10 SYSTEMPATH\CodeIgniter.php(933): App\Controllers\Admin->setting()
11 SYSTEMPATH\CodeIgniter.php(507): CodeIgniter\CodeIgniter->runController(Object(App\Controllers\Admin))
12 SYSTEMPATH\CodeIgniter.php(354): CodeIgniter\CodeIgniter->handleRequest(null, Object(Config\Cache), false)
13 SYSTEMPATH\Boot.php(334): CodeIgniter\CodeIgniter->run()
14 SYSTEMPATH\Boot.php(67): CodeIgniter\Boot::runCodeIgniter(Object(CodeIgniter\CodeIgniter))
15 FCPATH\index.php(56): CodeIgniter\Boot::bootWeb(Object(Config\Paths))
CRITICAL - 2025-05-06 02:24:27 --> ErrorException: Trying to access array offset on value of type bool
[Method: GET, Route: admin/setting]
in APPPATH\Views\v_setting.php on line 20.
 1 APPPATH\Views\v_setting.php(20): CodeIgniter\Debug\Exceptions->errorHandler(2, 'Trying to access array offset on value of type bool', 'C:\\laragon\\www\\bisa\\sistem-informasi-masjid\\app\\Views\\v_setting.php', 20)
 2 SYSTEMPATH\View\View.php(224): include('C:\\laragon\\www\\bisa\\sistem-informasi-masjid\\app\\Views\\v_setting.php')
 3 SYSTEMPATH\View\View.php(227): CodeIgniter\View\View->CodeIgniter\View\{closure}()
 4 SYSTEMPATH\Common.php(1173): CodeIgniter\View\View->render('v_setting', [], true)
 5 APPPATH\Views\v_template_admin.php(232): view('v_setting')
 6 SYSTEMPATH\View\View.php(224): include('C:\\laragon\\www\\bisa\\sistem-informasi-masjid\\app\\Views\\v_template_admin.php')
 7 SYSTEMPATH\View\View.php(227): CodeIgniter\View\View->CodeIgniter\View\{closure}()
 8 SYSTEMPATH\Common.php(1173): CodeIgniter\View\View->render('v_template_admin', [], true)
 9 APPPATH\Controllers\Admin.php(45): view('v_template_admin', [...])
10 SYSTEMPATH\CodeIgniter.php(933): App\Controllers\Admin->setting()
11 SYSTEMPATH\CodeIgniter.php(507): CodeIgniter\CodeIgniter->runController(Object(App\Controllers\Admin))
12 SYSTEMPATH\CodeIgniter.php(354): CodeIgniter\CodeIgniter->handleRequest(null, Object(Config\Cache), false)
13 SYSTEMPATH\Boot.php(334): CodeIgniter\CodeIgniter->run()
14 SYSTEMPATH\Boot.php(67): CodeIgniter\Boot::runCodeIgniter(Object(CodeIgniter\CodeIgniter))
15 FCPATH\index.php(56): CodeIgniter\Boot::bootWeb(Object(Config\Paths))
CRITICAL - 2025-05-06 02:26:38 --> ErrorException: Trying to access array offset on value of type bool
[Method: GET, Route: admin/setting]
in APPPATH\Views\v_setting.php on line 19.
 1 APPPATH\Views\v_setting.php(19): CodeIgniter\Debug\Exceptions->errorHandler(2, 'Trying to access array offset on value of type bool', 'C:\\laragon\\www\\bisa\\sistem-informasi-masjid\\app\\Views\\v_setting.php', 19)
 2 SYSTEMPATH\View\View.php(224): include('C:\\laragon\\www\\bisa\\sistem-informasi-masjid\\app\\Views\\v_setting.php')
 3 SYSTEMPATH\View\View.php(227): CodeIgniter\View\View->CodeIgniter\View\{closure}()
 4 SYSTEMPATH\Common.php(1173): CodeIgniter\View\View->render('v_setting', [], true)
 5 APPPATH\Views\v_template_admin.php(232): view('v_setting')
 6 SYSTEMPATH\View\View.php(224): include('C:\\laragon\\www\\bisa\\sistem-informasi-masjid\\app\\Views\\v_template_admin.php')
 7 SYSTEMPATH\View\View.php(227): CodeIgniter\View\View->CodeIgniter\View\{closure}()
 8 SYSTEMPATH\Common.php(1173): CodeIgniter\View\View->render('v_template_admin', [], true)
 9 APPPATH\Controllers\Admin.php(45): view('v_template_admin', [...])
10 SYSTEMPATH\CodeIgniter.php(933): App\Controllers\Admin->setting()
11 SYSTEMPATH\CodeIgniter.php(507): CodeIgniter\CodeIgniter->runController(Object(App\Controllers\Admin))
12 SYSTEMPATH\CodeIgniter.php(354): CodeIgniter\CodeIgniter->handleRequest(null, Object(Config\Cache), false)
13 SYSTEMPATH\Boot.php(334): CodeIgniter\CodeIgniter->run()
14 SYSTEMPATH\Boot.php(67): CodeIgniter\Boot::runCodeIgniter(Object(CodeIgniter\CodeIgniter))
15 FCPATH\index.php(56): CodeIgniter\Boot::bootWeb(Object(Config\Paths))
DEBUG - 2025-05-06 02:47:08 --> Session: Class initialized using 'CodeIgniter\Session\Handlers\FileHandler' driver.
CRITICAL - 2025-05-06 02:59:01 --> Error: Undefined constant "App\Controllers\id_kota"
[Method: GET, Route: /]
in APPPATH\Controllers\Home.php on line 21.
 1 SYSTEMPATH\CodeIgniter.php(933): App\Controllers\Home->index()
 2 SYSTEMPATH\CodeIgniter.php(507): CodeIgniter\CodeIgniter->runController(Object(App\Controllers\Home))
 3 SYSTEMPATH\CodeIgniter.php(354): CodeIgniter\CodeIgniter->handleRequest(null, Object(Config\Cache), false)
 4 SYSTEMPATH\Boot.php(334): CodeIgniter\CodeIgniter->run()
 5 SYSTEMPATH\Boot.php(67): CodeIgniter\Boot::runCodeIgniter(Object(CodeIgniter\CodeIgniter))
 6 FCPATH\index.php(56): CodeIgniter\Boot::bootWeb(Object(Config\Paths))
CRITICAL - 2025-05-06 02:59:23 --> Error: Undefined constant "App\Controllers\id_kota"
[Method: GET, Route: /]
in APPPATH\Controllers\Home.php on line 21.
 1 SYSTEMPATH\CodeIgniter.php(933): App\Controllers\Home->index()
 2 SYSTEMPATH\CodeIgniter.php(507): CodeIgniter\CodeIgniter->runController(Object(App\Controllers\Home))
 3 SYSTEMPATH\CodeIgniter.php(354): CodeIgniter\CodeIgniter->handleRequest(null, Object(Config\Cache), false)
 4 SYSTEMPATH\Boot.php(334): CodeIgniter\CodeIgniter->run()
 5 SYSTEMPATH\Boot.php(67): CodeIgniter\Boot::runCodeIgniter(Object(CodeIgniter\CodeIgniter))
 6 FCPATH\index.php(56): CodeIgniter\Boot::bootWeb(Object(Config\Paths))
CRITICAL - 2025-05-06 02:59:50 --> Error: Undefined constant "App\Controllers\id_kota"
[Method: GET, Route: /]
in APPPATH\Controllers\Home.php on line 21.
 1 SYSTEMPATH\CodeIgniter.php(933): App\Controllers\Home->index()
 2 SYSTEMPATH\CodeIgniter.php(507): CodeIgniter\CodeIgniter->runController(Object(App\Controllers\Home))
 3 SYSTEMPATH\CodeIgniter.php(354): CodeIgniter\CodeIgniter->handleRequest(null, Object(Config\Cache), false)
 4 SYSTEMPATH\Boot.php(334): CodeIgniter\CodeIgniter->run()
 5 SYSTEMPATH\Boot.php(67): CodeIgniter\Boot::runCodeIgniter(Object(CodeIgniter\CodeIgniter))
 6 FCPATH\index.php(56): CodeIgniter\Boot::bootWeb(Object(Config\Paths))
CRITICAL - 2025-05-06 03:01:45 --> Error: Undefined constant "App\Controllers\kota"
[Method: GET, Route: /]
in APPPATH\Controllers\Home.php on line 21.
 1 SYSTEMPATH\CodeIgniter.php(933): App\Controllers\Home->index()
 2 SYSTEMPATH\CodeIgniter.php(507): CodeIgniter\CodeIgniter->runController(Object(App\Controllers\Home))
 3 SYSTEMPATH\CodeIgniter.php(354): CodeIgniter\CodeIgniter->handleRequest(null, Object(Config\Cache), false)
 4 SYSTEMPATH\Boot.php(334): CodeIgniter\CodeIgniter->run()
 5 SYSTEMPATH\Boot.php(67): CodeIgniter\Boot::runCodeIgniter(Object(CodeIgniter\CodeIgniter))
 6 FCPATH\index.php(56): CodeIgniter\Boot::bootWeb(Object(Config\Paths))
CRITICAL - 2025-05-06 03:02:01 --> Error: Undefined constant "App\Controllers\id"
[Method: GET, Route: /]
in APPPATH\Controllers\Home.php on line 21.
 1 SYSTEMPATH\CodeIgniter.php(933): App\Controllers\Home->index()
 2 SYSTEMPATH\CodeIgniter.php(507): CodeIgniter\CodeIgniter->runController(Object(App\Controllers\Home))
 3 SYSTEMPATH\CodeIgniter.php(354): CodeIgniter\CodeIgniter->handleRequest(null, Object(Config\Cache), false)
 4 SYSTEMPATH\Boot.php(334): CodeIgniter\CodeIgniter->run()
 5 SYSTEMPATH\Boot.php(67): CodeIgniter\Boot::runCodeIgniter(Object(CodeIgniter\CodeIgniter))
 6 FCPATH\index.php(56): CodeIgniter\Boot::bootWeb(Object(Config\Paths))
CRITICAL - 2025-05-06 03:12:37 --> ErrorException: Type of Config\Filters::$globals must be array (as in class CodeIgniter\Config\Filters)
[Method: GET, Route: KasMasjid]
in APPPATH\Config\Filters.php on line 16.
 1 [internal function]: CodeIgniter\Debug\Exceptions->shutdownHandler()
CRITICAL - 2025-05-06 10:51:13 --> Error: Class "App\Models\ModelKasMasjid" not found
[Method: GET, Route: KasMasjid]
in APPPATH\Controllers\KasMasjid.php on line 11.
 1 SYSTEMPATH\CodeIgniter.php(903): App\Controllers\KasMasjid->__construct()
 2 SYSTEMPATH\CodeIgniter.php(498): CodeIgniter\CodeIgniter->createController()
 3 SYSTEMPATH\CodeIgniter.php(354): CodeIgniter\CodeIgniter->handleRequest(null, Object(Config\Cache), false)
 4 SYSTEMPATH\Boot.php(334): CodeIgniter\CodeIgniter->run()
 5 SYSTEMPATH\Boot.php(67): CodeIgniter\Boot::runCodeIgniter(Object(CodeIgniter\CodeIgniter))
 6 FCPATH\index.php(56): CodeIgniter\Boot::bootWeb(Object(Config\Paths))
CRITICAL - 2025-05-06 10:51:13 --> Error: Class "App\Models\ModelKasMasjid" not found
[Method: GET, Route: KasMasjid]
in APPPATH\Controllers\KasMasjid.php on line 11.
 1 SYSTEMPATH\CodeIgniter.php(903): App\Controllers\KasMasjid->__construct()
 2 SYSTEMPATH\CodeIgniter.php(498): CodeIgniter\CodeIgniter->createController()
 3 SYSTEMPATH\CodeIgniter.php(354): CodeIgniter\CodeIgniter->handleRequest(null, Object(Config\Cache), false)
 4 SYSTEMPATH\Boot.php(334): CodeIgniter\CodeIgniter->run()
 5 SYSTEMPATH\Boot.php(67): CodeIgniter\Boot::runCodeIgniter(Object(CodeIgniter\CodeIgniter))
 6 FCPATH\index.php(56): CodeIgniter\Boot::bootWeb(Object(Config\Paths))
CRITICAL - 2025-05-06 10:51:26 --> Error: Class "App\Models\ModelKasMasjid" not found
[Method: GET, Route: KasMasjid]
in APPPATH\Controllers\KasMasjid.php on line 11.
 1 SYSTEMPATH\CodeIgniter.php(903): App\Controllers\KasMasjid->__construct()
 2 SYSTEMPATH\CodeIgniter.php(498): CodeIgniter\CodeIgniter->createController()
 3 SYSTEMPATH\CodeIgniter.php(354): CodeIgniter\CodeIgniter->handleRequest(null, Object(Config\Cache), false)
 4 SYSTEMPATH\Boot.php(334): CodeIgniter\CodeIgniter->run()
 5 SYSTEMPATH\Boot.php(67): CodeIgniter\Boot::runCodeIgniter(Object(CodeIgniter\CodeIgniter))
 6 FCPATH\index.php(56): CodeIgniter\Boot::bootWeb(Object(Config\Paths))
CRITICAL - 2025-05-06 10:54:17 --> ParseError: syntax error, unexpected single-quoted string "kas", expecting "]"
[Method: GET, Route: KasMasjid]
in APPPATH\Controllers\KasMasjid.php on line 22.
 1 SYSTEMPATH\Autoloader\Autoloader.php(295): CodeIgniter\Autoloader\Autoloader->includeFile('C:\\laragon\\www\\bisa\\sistem-informasi-masjid\\app\\Controllers\\KasMasjid.php')
 2 SYSTEMPATH\Autoloader\Autoloader.php(271): CodeIgniter\Autoloader\Autoloader->loadInNamespace('App\\Controllers\\KasMasjid')
 3 [internal function]: CodeIgniter\Autoloader\Autoloader->loadClass('App\\Controllers\\KasMasjid')
 4 SYSTEMPATH\CodeIgniter.php(885): class_exists('\\App\\Controllers\\KasMasjid', true)
 5 SYSTEMPATH\CodeIgniter.php(494): CodeIgniter\CodeIgniter->startController()
 6 SYSTEMPATH\CodeIgniter.php(354): CodeIgniter\CodeIgniter->handleRequest(null, Object(Config\Cache), false)
 7 SYSTEMPATH\Boot.php(334): CodeIgniter\CodeIgniter->run()
 8 SYSTEMPATH\Boot.php(67): CodeIgniter\Boot::runCodeIgniter(Object(CodeIgniter\CodeIgniter))
 9 FCPATH\index.php(56): CodeIgniter\Boot::bootWeb(Object(Config\Paths))
CRITICAL - 2025-05-06 10:54:50 --> Error: Class "App\Models\ModelKasMasjid" not found
[Method: GET, Route: KasMasjid]
in APPPATH\Controllers\KasMasjid.php on line 11.
 1 SYSTEMPATH\CodeIgniter.php(903): App\Controllers\KasMasjid->__construct()
 2 SYSTEMPATH\CodeIgniter.php(498): CodeIgniter\CodeIgniter->createController()
 3 SYSTEMPATH\CodeIgniter.php(354): CodeIgniter\CodeIgniter->handleRequest(null, Object(Config\Cache), false)
 4 SYSTEMPATH\Boot.php(334): CodeIgniter\CodeIgniter->run()
 5 SYSTEMPATH\Boot.php(67): CodeIgniter\Boot::runCodeIgniter(Object(CodeIgniter\CodeIgniter))
 6 FCPATH\index.php(56): CodeIgniter\Boot::bootWeb(Object(Config\Paths))
CRITICAL - 2025-05-06 11:05:28 --> ParseError: syntax error, unexpected end of file
[Method: GET, Route: KasMasjid]
in APPPATH\Views\v_rekap_kas_masjid.php on line 33.
 1 SYSTEMPATH\View\View.php(227): CodeIgniter\View\View->CodeIgniter\View\{closure}()
 2 SYSTEMPATH\Common.php(1173): CodeIgniter\View\View->render('v_rekap_kas_masjid', [], true)
 3 APPPATH\Views\v_template_admin.php(232): view('v_rekap_kas_masjid')
 4 SYSTEMPATH\View\View.php(224): include('C:\\laragon\\www\\bisa\\sistem-informasi-masjid\\app\\Views\\v_template_admin.php')
 5 SYSTEMPATH\View\View.php(227): CodeIgniter\View\View->CodeIgniter\View\{closure}()
 6 SYSTEMPATH\Common.php(1173): CodeIgniter\View\View->render('v_template_admin', [], true)
 7 APPPATH\Controllers\KasMasjid.php(25): view('v_template_admin', [...])
 8 SYSTEMPATH\CodeIgniter.php(933): App\Controllers\KasMasjid->index()
 9 SYSTEMPATH\CodeIgniter.php(507): CodeIgniter\CodeIgniter->runController(Object(App\Controllers\KasMasjid))
10 SYSTEMPATH\CodeIgniter.php(354): CodeIgniter\CodeIgniter->handleRequest(null, Object(Config\Cache), false)
11 SYSTEMPATH\Boot.php(334): CodeIgniter\CodeIgniter->run()
12 SYSTEMPATH\Boot.php(67): CodeIgniter\Boot::runCodeIgniter(Object(CodeIgniter\CodeIgniter))
13 FCPATH\index.php(56): CodeIgniter\Boot::bootWeb(Object(Config\Paths))
DEBUG - 2025-05-06 11:23:18 --> Session: Class initialized using 'CodeIgniter\Session\Handlers\FileHandler' driver.
DEBUG - 2025-05-06 11:52:42 --> Session: Class initialized using 'CodeIgniter\Session\Handlers\FileHandler' driver.
DEBUG - 2025-05-06 11:56:14 --> Session: Class initialized using 'CodeIgniter\Session\Handlers\FileHandler' driver.
