CRITICAL - 2025-06-16 07:11:52 --> ErrorException: Undefined property: App\Controllers\KasMasjid::$ModelKasSosial
[Method: GET, Route: KasMasjid]
in APPPATH\Controllers\KasMasjid.php on line 25.
 1 APPPATH\Controllers\KasMasjid.php(25): CodeIgniter\Debug\Exceptions->errorHandler(2, 'Undefined property: App\\Controllers\\KasMasjid::$ModelKasSosial', 'C:\\laragon\\www\\sistem-informasi-masjid\\app\\Controllers\\KasMasjid.php', 25)
 2 SYSTEMPATH\CodeIgniter.php(933): App\Controllers\KasMasjid->index()
 3 SYSTEMPATH\CodeIgniter.php(507): CodeIgniter\CodeIgniter->runController(Object(App\Controllers\KasMasjid))
 4 SYSTEMPATH\CodeIgniter.php(354): CodeIgniter\CodeIgniter->handleRequest(null, Object(Config\Cache), false)
 5 SYSTEMPATH\Boot.php(334): CodeIgniter\CodeIgniter->run()
 6 SYSTEMPATH\Boot.php(67): CodeIgniter\Boot::runCodeIgniter(Object(CodeIgniter\CodeIgniter))
 7 FCPATH\index.php(56): CodeIgniter\Boot::bootWeb(Object(Config\Paths))
CRITICAL - 2025-06-16 07:17:22 --> ErrorException: Undefined property: App\Controllers\KasMasjid::$ModelKasSosial
[Method: GET, Route: KasMasjid]
in APPPATH\Controllers\KasMasjid.php on line 25.
 1 APPPATH\Controllers\KasMasjid.php(25): CodeIgniter\Debug\Exceptions->errorHandler(2, 'Undefined property: App\\Controllers\\KasMasjid::$ModelKasSosial', 'C:\\laragon\\www\\sistem-informasi-masjid\\app\\Controllers\\KasMasjid.php', 25)
 2 SYSTEMPATH\CodeIgniter.php(933): App\Controllers\KasMasjid->index()
 3 SYSTEMPATH\CodeIgniter.php(507): CodeIgniter\CodeIgniter->runController(Object(App\Controllers\KasMasjid))
 4 SYSTEMPATH\CodeIgniter.php(354): CodeIgniter\CodeIgniter->handleRequest(null, Object(Config\Cache), false)
 5 SYSTEMPATH\Boot.php(334): CodeIgniter\CodeIgniter->run()
 6 SYSTEMPATH\Boot.php(67): CodeIgniter\Boot::runCodeIgniter(Object(CodeIgniter\CodeIgniter))
 7 FCPATH\index.php(56): CodeIgniter\Boot::bootWeb(Object(Config\Paths))
CRITICAL - 2025-06-16 07:17:51 --> ErrorException: Undefined property: App\Controllers\KasMasjid::$ModelKasSosial
[Method: GET, Route: KasMasjid]
in APPPATH\Controllers\KasMasjid.php on line 25.
 1 APPPATH\Controllers\KasMasjid.php(25): CodeIgniter\Debug\Exceptions->errorHandler(2, 'Undefined property: App\\Controllers\\KasMasjid::$ModelKasSosial', 'C:\\laragon\\www\\sistem-informasi-masjid\\app\\Controllers\\KasMasjid.php', 25)
 2 SYSTEMPATH\CodeIgniter.php(933): App\Controllers\KasMasjid->index()
 3 SYSTEMPATH\CodeIgniter.php(507): CodeIgniter\CodeIgniter->runController(Object(App\Controllers\KasMasjid))
 4 SYSTEMPATH\CodeIgniter.php(354): CodeIgniter\CodeIgniter->handleRequest(null, Object(Config\Cache), false)
 5 SYSTEMPATH\Boot.php(334): CodeIgniter\CodeIgniter->run()
 6 SYSTEMPATH\Boot.php(67): CodeIgniter\Boot::runCodeIgniter(Object(CodeIgniter\CodeIgniter))
 7 FCPATH\index.php(56): CodeIgniter\Boot::bootWeb(Object(Config\Paths))
ERROR - 2025-06-16 07:19:58 --> mysqli_sql_exception: Table 'db-simasjid-ci4.kas_sosial' doesn't exist in C:\laragon\www\sistem-informasi-masjid\system\Database\MySQLi\Connection.php:327
Stack trace:
#0 C:\laragon\www\sistem-informasi-masjid\system\Database\MySQLi\Connection.php(327): mysqli->query('SELECT *\nFROM `...', 0)
#1 C:\laragon\www\sistem-informasi-masjid\system\Database\BaseConnection.php(738): CodeIgniter\Database\MySQLi\Connection->execute('SELECT *\nFROM `...')
#2 C:\laragon\www\sistem-informasi-masjid\system\Database\BaseConnection.php(652): CodeIgniter\Database\BaseConnection->simpleQuery('SELECT *\nFROM `...')
#3 C:\laragon\www\sistem-informasi-masjid\system\Database\BaseBuilder.php(1649): CodeIgniter\Database\BaseConnection->query('SELECT *\nFROM `...', Array, false)
#4 C:\laragon\www\sistem-informasi-masjid\system\Model.php(286): CodeIgniter\Database\BaseBuilder->get()
#5 C:\laragon\www\sistem-informasi-masjid\system\BaseModel.php(675): CodeIgniter\Model->doFindAll(0, 0)
#6 C:\laragon\www\sistem-informasi-masjid\app\Models\ModelKasSosial.php(13): CodeIgniter\BaseModel->findAll()
#7 C:\laragon\www\sistem-informasi-masjid\app\Controllers\KasMasjid.php(24): App\Models\ModelKasSosial->AllData()
#8 C:\laragon\www\sistem-informasi-masjid\system\CodeIgniter.php(933): App\Controllers\KasMasjid->index()
#9 C:\laragon\www\sistem-informasi-masjid\system\CodeIgniter.php(507): CodeIgniter\CodeIgniter->runController(Object(App\Controllers\KasMasjid))
#10 C:\laragon\www\sistem-informasi-masjid\system\CodeIgniter.php(354): CodeIgniter\CodeIgniter->handleRequest(NULL, Object(Config\Cache), false)
#11 C:\laragon\www\sistem-informasi-masjid\system\Boot.php(334): CodeIgniter\CodeIgniter->run()
#12 C:\laragon\www\sistem-informasi-masjid\system\Boot.php(67): CodeIgniter\Boot::runCodeIgniter(Object(CodeIgniter\CodeIgniter))
#13 C:\laragon\www\sistem-informasi-masjid\public\index.php(56): CodeIgniter\Boot::bootWeb(Object(Config\Paths))
#14 {main}
CRITICAL - 2025-06-16 07:19:58 --> CodeIgniter\Database\Exceptions\DatabaseException: Table 'db-simasjid-ci4.kas_sosial' doesn't exist
[Method: GET, Route: KasMasjid]
in SYSTEMPATH\Database\BaseConnection.php on line 692.
 1 SYSTEMPATH\Database\BaseBuilder.php(1649): CodeIgniter\Database\BaseConnection->query('SELECT *
FROM `kas_sosial`', [], false)
 2 SYSTEMPATH\Model.php(286): CodeIgniter\Database\BaseBuilder->get()
 3 SYSTEMPATH\BaseModel.php(675): CodeIgniter\Model->doFindAll(0, 0)
 4 APPPATH\Models\ModelKasSosial.php(13): CodeIgniter\BaseModel->findAll()
 5 APPPATH\Controllers\KasMasjid.php(24): App\Models\ModelKasSosial->AllData()
 6 SYSTEMPATH\CodeIgniter.php(933): App\Controllers\KasMasjid->index()
 7 SYSTEMPATH\CodeIgniter.php(507): CodeIgniter\CodeIgniter->runController(Object(App\Controllers\KasMasjid))
 8 SYSTEMPATH\CodeIgniter.php(354): CodeIgniter\CodeIgniter->handleRequest(null, Object(Config\Cache), false)
 9 SYSTEMPATH\Boot.php(334): CodeIgniter\CodeIgniter->run()
10 SYSTEMPATH\Boot.php(67): CodeIgniter\Boot::runCodeIgniter(Object(CodeIgniter\CodeIgniter))
11 FCPATH\index.php(56): CodeIgniter\Boot::bootWeb(Object(Config\Paths))
CRITICAL - 2025-06-16 07:19:58 --> [Caused by] CodeIgniter\Database\Exceptions\DatabaseException: Table 'db-simasjid-ci4.kas_sosial' doesn't exist
in SYSTEMPATH\Database\MySQLi\Connection.php on line 332.
 1 SYSTEMPATH\Database\BaseConnection.php(738): CodeIgniter\Database\MySQLi\Connection->execute('SELECT *
FROM `kas_sosial`')
 2 SYSTEMPATH\Database\BaseConnection.php(652): CodeIgniter\Database\BaseConnection->simpleQuery('SELECT *
FROM `kas_sosial`')
 3 SYSTEMPATH\Database\BaseBuilder.php(1649): CodeIgniter\Database\BaseConnection->query('SELECT *
FROM `kas_sosial`', [], false)
 4 SYSTEMPATH\Model.php(286): CodeIgniter\Database\BaseBuilder->get()
 5 SYSTEMPATH\BaseModel.php(675): CodeIgniter\Model->doFindAll(0, 0)
 6 APPPATH\Models\ModelKasSosial.php(13): CodeIgniter\BaseModel->findAll()
 7 APPPATH\Controllers\KasMasjid.php(24): App\Models\ModelKasSosial->AllData()
 8 SYSTEMPATH\CodeIgniter.php(933): App\Controllers\KasMasjid->index()
 9 SYSTEMPATH\CodeIgniter.php(507): CodeIgniter\CodeIgniter->runController(Object(App\Controllers\KasMasjid))
10 SYSTEMPATH\CodeIgniter.php(354): CodeIgniter\CodeIgniter->handleRequest(null, Object(Config\Cache), false)
11 SYSTEMPATH\Boot.php(334): CodeIgniter\CodeIgniter->run()
12 SYSTEMPATH\Boot.php(67): CodeIgniter\Boot::runCodeIgniter(Object(CodeIgniter\CodeIgniter))
13 FCPATH\index.php(56): CodeIgniter\Boot::bootWeb(Object(Config\Paths))
CRITICAL - 2025-06-16 07:19:58 --> [Caused by] mysqli_sql_exception: Table 'db-simasjid-ci4.kas_sosial' doesn't exist
in SYSTEMPATH\Database\MySQLi\Connection.php on line 327.
 1 SYSTEMPATH\Database\MySQLi\Connection.php(327): mysqli->query('SELECT *
FROM `kas_sosial`', 0)
 2 SYSTEMPATH\Database\BaseConnection.php(738): CodeIgniter\Database\MySQLi\Connection->execute('SELECT *
FROM `kas_sosial`')
 3 SYSTEMPATH\Database\BaseConnection.php(652): CodeIgniter\Database\BaseConnection->simpleQuery('SELECT *
FROM `kas_sosial`')
 4 SYSTEMPATH\Database\BaseBuilder.php(1649): CodeIgniter\Database\BaseConnection->query('SELECT *
FROM `kas_sosial`', [], false)
 5 SYSTEMPATH\Model.php(286): CodeIgniter\Database\BaseBuilder->get()
 6 SYSTEMPATH\BaseModel.php(675): CodeIgniter\Model->doFindAll(0, 0)
 7 APPPATH\Models\ModelKasSosial.php(13): CodeIgniter\BaseModel->findAll()
 8 APPPATH\Controllers\KasMasjid.php(24): App\Models\ModelKasSosial->AllData()
 9 SYSTEMPATH\CodeIgniter.php(933): App\Controllers\KasMasjid->index()
10 SYSTEMPATH\CodeIgniter.php(507): CodeIgniter\CodeIgniter->runController(Object(App\Controllers\KasMasjid))
11 SYSTEMPATH\CodeIgniter.php(354): CodeIgniter\CodeIgniter->handleRequest(null, Object(Config\Cache), false)
12 SYSTEMPATH\Boot.php(334): CodeIgniter\CodeIgniter->run()
13 SYSTEMPATH\Boot.php(67): CodeIgniter\Boot::runCodeIgniter(Object(CodeIgniter\CodeIgniter))
14 FCPATH\index.php(56): CodeIgniter\Boot::bootWeb(Object(Config\Paths))
CRITICAL - 2025-06-16 07:41:00 --> ErrorException: Undefined property: App\Controllers\KasMasjid::$ModelKasSosial
[Method: GET, Route: KasMasjid]
in APPPATH\Controllers\KasMasjid.php on line 25.
 1 APPPATH\Controllers\KasMasjid.php(25): CodeIgniter\Debug\Exceptions->errorHandler(2, 'Undefined property: App\\Controllers\\KasMasjid::$ModelKasSosial', 'C:\\laragon\\www\\sistem-informasi-masjid\\app\\Controllers\\KasMasjid.php', 25)
 2 SYSTEMPATH\CodeIgniter.php(933): App\Controllers\KasMasjid->index()
 3 SYSTEMPATH\CodeIgniter.php(507): CodeIgniter\CodeIgniter->runController(Object(App\Controllers\KasMasjid))
 4 SYSTEMPATH\CodeIgniter.php(354): CodeIgniter\CodeIgniter->handleRequest(null, Object(Config\Cache), false)
 5 SYSTEMPATH\Boot.php(334): CodeIgniter\CodeIgniter->run()
 6 SYSTEMPATH\Boot.php(67): CodeIgniter\Boot::runCodeIgniter(Object(CodeIgniter\CodeIgniter))
 7 FCPATH\index.php(56): CodeIgniter\Boot::bootWeb(Object(Config\Paths))
CRITICAL - 2025-06-16 07:41:02 --> ErrorException: Undefined property: App\Controllers\KasMasjid::$ModelKasSosial
[Method: GET, Route: KasMasjid]
in APPPATH\Controllers\KasMasjid.php on line 25.
 1 APPPATH\Controllers\KasMasjid.php(25): CodeIgniter\Debug\Exceptions->errorHandler(2, 'Undefined property: App\\Controllers\\KasMasjid::$ModelKasSosial', 'C:\\laragon\\www\\sistem-informasi-masjid\\app\\Controllers\\KasMasjid.php', 25)
 2 SYSTEMPATH\CodeIgniter.php(933): App\Controllers\KasMasjid->index()
 3 SYSTEMPATH\CodeIgniter.php(507): CodeIgniter\CodeIgniter->runController(Object(App\Controllers\KasMasjid))
 4 SYSTEMPATH\CodeIgniter.php(354): CodeIgniter\CodeIgniter->handleRequest(null, Object(Config\Cache), false)
 5 SYSTEMPATH\Boot.php(334): CodeIgniter\CodeIgniter->run()
 6 SYSTEMPATH\Boot.php(67): CodeIgniter\Boot::runCodeIgniter(Object(CodeIgniter\CodeIgniter))
 7 FCPATH\index.php(56): CodeIgniter\Boot::bootWeb(Object(Config\Paths))
CRITICAL - 2025-06-16 07:46:07 --> ErrorException: Undefined property: App\Controllers\KasMasjid::$ModelKasSosial
[Method: GET, Route: KasMasjid]
in APPPATH\Controllers\KasMasjid.php on line 25.
 1 APPPATH\Controllers\KasMasjid.php(25): CodeIgniter\Debug\Exceptions->errorHandler(2, 'Undefined property: App\\Controllers\\KasMasjid::$ModelKasSosial', 'C:\\laragon\\www\\sistem-informasi-masjid\\app\\Controllers\\KasMasjid.php', 25)
 2 SYSTEMPATH\CodeIgniter.php(933): App\Controllers\KasMasjid->index()
 3 SYSTEMPATH\CodeIgniter.php(507): CodeIgniter\CodeIgniter->runController(Object(App\Controllers\KasMasjid))
 4 SYSTEMPATH\CodeIgniter.php(354): CodeIgniter\CodeIgniter->handleRequest(null, Object(Config\Cache), false)
 5 SYSTEMPATH\Boot.php(334): CodeIgniter\CodeIgniter->run()
 6 SYSTEMPATH\Boot.php(67): CodeIgniter\Boot::runCodeIgniter(Object(CodeIgniter\CodeIgniter))
 7 FCPATH\index.php(56): CodeIgniter\Boot::bootWeb(Object(Config\Paths))
CRITICAL - 2025-06-16 07:46:09 --> ErrorException: Undefined property: App\Controllers\KasMasjid::$ModelKasSosial
[Method: GET, Route: KasMasjid]
in APPPATH\Controllers\KasMasjid.php on line 25.
 1 APPPATH\Controllers\KasMasjid.php(25): CodeIgniter\Debug\Exceptions->errorHandler(2, 'Undefined property: App\\Controllers\\KasMasjid::$ModelKasSosial', 'C:\\laragon\\www\\sistem-informasi-masjid\\app\\Controllers\\KasMasjid.php', 25)
 2 SYSTEMPATH\CodeIgniter.php(933): App\Controllers\KasMasjid->index()
 3 SYSTEMPATH\CodeIgniter.php(507): CodeIgniter\CodeIgniter->runController(Object(App\Controllers\KasMasjid))
 4 SYSTEMPATH\CodeIgniter.php(354): CodeIgniter\CodeIgniter->handleRequest(null, Object(Config\Cache), false)
 5 SYSTEMPATH\Boot.php(334): CodeIgniter\CodeIgniter->run()
 6 SYSTEMPATH\Boot.php(67): CodeIgniter\Boot::runCodeIgniter(Object(CodeIgniter\CodeIgniter))
 7 FCPATH\index.php(56): CodeIgniter\Boot::bootWeb(Object(Config\Paths))
CRITICAL - 2025-06-16 07:46:10 --> ErrorException: Undefined property: App\Controllers\KasMasjid::$ModelKasSosial
[Method: GET, Route: KasMasjid]
in APPPATH\Controllers\KasMasjid.php on line 25.
 1 APPPATH\Controllers\KasMasjid.php(25): CodeIgniter\Debug\Exceptions->errorHandler(2, 'Undefined property: App\\Controllers\\KasMasjid::$ModelKasSosial', 'C:\\laragon\\www\\sistem-informasi-masjid\\app\\Controllers\\KasMasjid.php', 25)
 2 SYSTEMPATH\CodeIgniter.php(933): App\Controllers\KasMasjid->index()
 3 SYSTEMPATH\CodeIgniter.php(507): CodeIgniter\CodeIgniter->runController(Object(App\Controllers\KasMasjid))
 4 SYSTEMPATH\CodeIgniter.php(354): CodeIgniter\CodeIgniter->handleRequest(null, Object(Config\Cache), false)
 5 SYSTEMPATH\Boot.php(334): CodeIgniter\CodeIgniter->run()
 6 SYSTEMPATH\Boot.php(67): CodeIgniter\Boot::runCodeIgniter(Object(CodeIgniter\CodeIgniter))
 7 FCPATH\index.php(56): CodeIgniter\Boot::bootWeb(Object(Config\Paths))
CRITICAL - 2025-06-16 07:46:12 --> ErrorException: Undefined property: App\Controllers\KasMasjid::$ModelKasSosial
[Method: GET, Route: KasMasjid]
in APPPATH\Controllers\KasMasjid.php on line 25.
 1 APPPATH\Controllers\KasMasjid.php(25): CodeIgniter\Debug\Exceptions->errorHandler(2, 'Undefined property: App\\Controllers\\KasMasjid::$ModelKasSosial', 'C:\\laragon\\www\\sistem-informasi-masjid\\app\\Controllers\\KasMasjid.php', 25)
 2 SYSTEMPATH\CodeIgniter.php(933): App\Controllers\KasMasjid->index()
 3 SYSTEMPATH\CodeIgniter.php(507): CodeIgniter\CodeIgniter->runController(Object(App\Controllers\KasMasjid))
 4 SYSTEMPATH\CodeIgniter.php(354): CodeIgniter\CodeIgniter->handleRequest(null, Object(Config\Cache), false)
 5 SYSTEMPATH\Boot.php(334): CodeIgniter\CodeIgniter->run()
 6 SYSTEMPATH\Boot.php(67): CodeIgniter\Boot::runCodeIgniter(Object(CodeIgniter\CodeIgniter))
 7 FCPATH\index.php(56): CodeIgniter\Boot::bootWeb(Object(Config\Paths))
CRITICAL - 2025-06-16 07:46:13 --> ErrorException: Undefined property: App\Controllers\KasMasjid::$ModelKasSosial
[Method: GET, Route: KasMasjid]
in APPPATH\Controllers\KasMasjid.php on line 25.
 1 APPPATH\Controllers\KasMasjid.php(25): CodeIgniter\Debug\Exceptions->errorHandler(2, 'Undefined property: App\\Controllers\\KasMasjid::$ModelKasSosial', 'C:\\laragon\\www\\sistem-informasi-masjid\\app\\Controllers\\KasMasjid.php', 25)
 2 SYSTEMPATH\CodeIgniter.php(933): App\Controllers\KasMasjid->index()
 3 SYSTEMPATH\CodeIgniter.php(507): CodeIgniter\CodeIgniter->runController(Object(App\Controllers\KasMasjid))
 4 SYSTEMPATH\CodeIgniter.php(354): CodeIgniter\CodeIgniter->handleRequest(null, Object(Config\Cache), false)
 5 SYSTEMPATH\Boot.php(334): CodeIgniter\CodeIgniter->run()
 6 SYSTEMPATH\Boot.php(67): CodeIgniter\Boot::runCodeIgniter(Object(CodeIgniter\CodeIgniter))
 7 FCPATH\index.php(56): CodeIgniter\Boot::bootWeb(Object(Config\Paths))
CRITICAL - 2025-06-16 07:46:13 --> ErrorException: Undefined property: App\Controllers\KasMasjid::$ModelKasSosial
[Method: GET, Route: KasMasjid]
in APPPATH\Controllers\KasMasjid.php on line 25.
 1 APPPATH\Controllers\KasMasjid.php(25): CodeIgniter\Debug\Exceptions->errorHandler(2, 'Undefined property: App\\Controllers\\KasMasjid::$ModelKasSosial', 'C:\\laragon\\www\\sistem-informasi-masjid\\app\\Controllers\\KasMasjid.php', 25)
 2 SYSTEMPATH\CodeIgniter.php(933): App\Controllers\KasMasjid->index()
 3 SYSTEMPATH\CodeIgniter.php(507): CodeIgniter\CodeIgniter->runController(Object(App\Controllers\KasMasjid))
 4 SYSTEMPATH\CodeIgniter.php(354): CodeIgniter\CodeIgniter->handleRequest(null, Object(Config\Cache), false)
 5 SYSTEMPATH\Boot.php(334): CodeIgniter\CodeIgniter->run()
 6 SYSTEMPATH\Boot.php(67): CodeIgniter\Boot::runCodeIgniter(Object(CodeIgniter\CodeIgniter))
 7 FCPATH\index.php(56): CodeIgniter\Boot::bootWeb(Object(Config\Paths))
CRITICAL - 2025-06-16 07:46:22 --> ErrorException: Undefined variable $kassosial
[Method: GET, Route: Admin]
in APPPATH\Views\v_dashboard.php on line 19.
 1 APPPATH\Views\v_dashboard.php(19): CodeIgniter\Debug\Exceptions->errorHandler(2, 'Undefined variable $kassosial', 'C:\\laragon\\www\\sistem-informasi-masjid\\app\\Views\\v_dashboard.php', 19)
 2 SYSTEMPATH\View\View.php(224): include('C:\\laragon\\www\\sistem-informasi-masjid\\app\\Views\\v_dashboard.php')
 3 SYSTEMPATH\View\View.php(227): CodeIgniter\View\View->CodeIgniter\View\{closure}()
 4 SYSTEMPATH\Common.php(1173): CodeIgniter\View\View->render('v_dashboard', [], true)
 5 APPPATH\Views\v_template_admin.php(255): view('v_dashboard')
 6 SYSTEMPATH\View\View.php(224): include('C:\\laragon\\www\\sistem-informasi-masjid\\app\\Views\\v_template_admin.php')
 7 SYSTEMPATH\View\View.php(227): CodeIgniter\View\View->CodeIgniter\View\{closure}()
 8 SYSTEMPATH\Common.php(1173): CodeIgniter\View\View->render('v_template_admin', [], true)
 9 APPPATH\Controllers\Admin.php(37): view('v_template_admin', [...])
10 SYSTEMPATH\CodeIgniter.php(933): App\Controllers\Admin->index()
11 SYSTEMPATH\CodeIgniter.php(507): CodeIgniter\CodeIgniter->runController(Object(App\Controllers\Admin))
12 SYSTEMPATH\CodeIgniter.php(354): CodeIgniter\CodeIgniter->handleRequest(null, Object(Config\Cache), false)
13 SYSTEMPATH\Boot.php(334): CodeIgniter\CodeIgniter->run()
14 SYSTEMPATH\Boot.php(67): CodeIgniter\Boot::runCodeIgniter(Object(CodeIgniter\CodeIgniter))
15 FCPATH\index.php(56): CodeIgniter\Boot::bootWeb(Object(Config\Paths))
DEBUG - 2025-06-16 07:46:25 --> Session: Class initialized using 'CodeIgniter\Session\Handlers\FileHandler' driver.
CRITICAL - 2025-06-16 07:46:33 --> ErrorException: Undefined variable $kassosial
[Method: GET, Route: Admin]
in APPPATH\Views\v_dashboard.php on line 19.
 1 APPPATH\Views\v_dashboard.php(19): CodeIgniter\Debug\Exceptions->errorHandler(2, 'Undefined variable $kassosial', 'C:\\laragon\\www\\sistem-informasi-masjid\\app\\Views\\v_dashboard.php', 19)
 2 SYSTEMPATH\View\View.php(224): include('C:\\laragon\\www\\sistem-informasi-masjid\\app\\Views\\v_dashboard.php')
 3 SYSTEMPATH\View\View.php(227): CodeIgniter\View\View->CodeIgniter\View\{closure}()
 4 SYSTEMPATH\Common.php(1173): CodeIgniter\View\View->render('v_dashboard', [], true)
 5 APPPATH\Views\v_template_admin.php(255): view('v_dashboard')
 6 SYSTEMPATH\View\View.php(224): include('C:\\laragon\\www\\sistem-informasi-masjid\\app\\Views\\v_template_admin.php')
 7 SYSTEMPATH\View\View.php(227): CodeIgniter\View\View->CodeIgniter\View\{closure}()
 8 SYSTEMPATH\Common.php(1173): CodeIgniter\View\View->render('v_template_admin', [], true)
 9 APPPATH\Controllers\Admin.php(37): view('v_template_admin', [...])
10 SYSTEMPATH\CodeIgniter.php(933): App\Controllers\Admin->index()
11 SYSTEMPATH\CodeIgniter.php(507): CodeIgniter\CodeIgniter->runController(Object(App\Controllers\Admin))
12 SYSTEMPATH\CodeIgniter.php(354): CodeIgniter\CodeIgniter->handleRequest(null, Object(Config\Cache), false)
13 SYSTEMPATH\Boot.php(334): CodeIgniter\CodeIgniter->run()
14 SYSTEMPATH\Boot.php(67): CodeIgniter\Boot::runCodeIgniter(Object(CodeIgniter\CodeIgniter))
15 FCPATH\index.php(56): CodeIgniter\Boot::bootWeb(Object(Config\Paths))
CRITICAL - 2025-06-16 07:46:39 --> ErrorException: Undefined property: App\Controllers\KasMasjid::$ModelKasSosial
[Method: GET, Route: KasMasjid/KasMasuk]
in APPPATH\Controllers\KasMasjid.php on line 40.
 1 APPPATH\Controllers\KasMasjid.php(40): CodeIgniter\Debug\Exceptions->errorHandler(2, 'Undefined property: App\\Controllers\\KasMasjid::$ModelKasSosial', 'C:\\laragon\\www\\sistem-informasi-masjid\\app\\Controllers\\KasMasjid.php', 40)
 2 SYSTEMPATH\CodeIgniter.php(933): App\Controllers\KasMasjid->KasMasuk()
 3 SYSTEMPATH\CodeIgniter.php(507): CodeIgniter\CodeIgniter->runController(Object(App\Controllers\KasMasjid))
 4 SYSTEMPATH\CodeIgniter.php(354): CodeIgniter\CodeIgniter->handleRequest(null, Object(Config\Cache), false)
 5 SYSTEMPATH\Boot.php(334): CodeIgniter\CodeIgniter->run()
 6 SYSTEMPATH\Boot.php(67): CodeIgniter\Boot::runCodeIgniter(Object(CodeIgniter\CodeIgniter))
 7 FCPATH\index.php(56): CodeIgniter\Boot::bootWeb(Object(Config\Paths))
DEBUG - 2025-06-16 07:46:44 --> Session: Class initialized using 'CodeIgniter\Session\Handlers\FileHandler' driver.
DEBUG - 2025-06-16 07:46:50 --> Session: Class initialized using 'CodeIgniter\Session\Handlers\FileHandler' driver.
CRITICAL - 2025-06-16 07:46:53 --> ErrorException: Undefined property: App\Controllers\KasMasjid::$ModelKasSosial
[Method: GET, Route: KasMasjid]
in APPPATH\Controllers\KasMasjid.php on line 25.
 1 APPPATH\Controllers\KasMasjid.php(25): CodeIgniter\Debug\Exceptions->errorHandler(2, 'Undefined property: App\\Controllers\\KasMasjid::$ModelKasSosial', 'C:\\laragon\\www\\sistem-informasi-masjid\\app\\Controllers\\KasMasjid.php', 25)
 2 SYSTEMPATH\CodeIgniter.php(933): App\Controllers\KasMasjid->index()
 3 SYSTEMPATH\CodeIgniter.php(507): CodeIgniter\CodeIgniter->runController(Object(App\Controllers\KasMasjid))
 4 SYSTEMPATH\CodeIgniter.php(354): CodeIgniter\CodeIgniter->handleRequest(null, Object(Config\Cache), false)
 5 SYSTEMPATH\Boot.php(334): CodeIgniter\CodeIgniter->run()
 6 SYSTEMPATH\Boot.php(67): CodeIgniter\Boot::runCodeIgniter(Object(CodeIgniter\CodeIgniter))
 7 FCPATH\index.php(56): CodeIgniter\Boot::bootWeb(Object(Config\Paths))
CRITICAL - 2025-06-16 07:46:53 --> ErrorException: Undefined property: App\Controllers\KasMasjid::$ModelKasSosial
[Method: GET, Route: KasMasjid]
in APPPATH\Controllers\KasMasjid.php on line 25.
 1 APPPATH\Controllers\KasMasjid.php(25): CodeIgniter\Debug\Exceptions->errorHandler(2, 'Undefined property: App\\Controllers\\KasMasjid::$ModelKasSosial', 'C:\\laragon\\www\\sistem-informasi-masjid\\app\\Controllers\\KasMasjid.php', 25)
 2 SYSTEMPATH\CodeIgniter.php(933): App\Controllers\KasMasjid->index()
 3 SYSTEMPATH\CodeIgniter.php(507): CodeIgniter\CodeIgniter->runController(Object(App\Controllers\KasMasjid))
 4 SYSTEMPATH\CodeIgniter.php(354): CodeIgniter\CodeIgniter->handleRequest(null, Object(Config\Cache), false)
 5 SYSTEMPATH\Boot.php(334): CodeIgniter\CodeIgniter->run()
 6 SYSTEMPATH\Boot.php(67): CodeIgniter\Boot::runCodeIgniter(Object(CodeIgniter\CodeIgniter))
 7 FCPATH\index.php(56): CodeIgniter\Boot::bootWeb(Object(Config\Paths))
DEBUG - 2025-06-16 07:48:10 --> Session: Class initialized using 'CodeIgniter\Session\Handlers\FileHandler' driver.
DEBUG - 2025-06-16 07:48:13 --> Session: Class initialized using 'CodeIgniter\Session\Handlers\FileHandler' driver.
DEBUG - 2025-06-16 07:48:15 --> Session: Class initialized using 'CodeIgniter\Session\Handlers\FileHandler' driver.
CRITICAL - 2025-06-16 07:48:28 --> Error: Class "App\Models\ModelKasSosial" not found
[Method: GET, Route: Admin]
in APPPATH\Controllers\Admin.php on line 19.
 1 SYSTEMPATH\CodeIgniter.php(903): App\Controllers\Admin->__construct()
 2 SYSTEMPATH\CodeIgniter.php(498): CodeIgniter\CodeIgniter->createController()
 3 SYSTEMPATH\CodeIgniter.php(354): CodeIgniter\CodeIgniter->handleRequest(null, Object(Config\Cache), false)
 4 SYSTEMPATH\Boot.php(334): CodeIgniter\CodeIgniter->run()
 5 SYSTEMPATH\Boot.php(67): CodeIgniter\Boot::runCodeIgniter(Object(CodeIgniter\CodeIgniter))
 6 FCPATH\index.php(56): CodeIgniter\Boot::bootWeb(Object(Config\Paths))
CRITICAL - 2025-06-16 07:48:36 --> Error: Class "App\Models\ModelKasSosial" not found
[Method: GET, Route: Admin]
in APPPATH\Controllers\Admin.php on line 19.
 1 SYSTEMPATH\CodeIgniter.php(903): App\Controllers\Admin->__construct()
 2 SYSTEMPATH\CodeIgniter.php(498): CodeIgniter\CodeIgniter->createController()
 3 SYSTEMPATH\CodeIgniter.php(354): CodeIgniter\CodeIgniter->handleRequest(null, Object(Config\Cache), false)
 4 SYSTEMPATH\Boot.php(334): CodeIgniter\CodeIgniter->run()
 5 SYSTEMPATH\Boot.php(67): CodeIgniter\Boot::runCodeIgniter(Object(CodeIgniter\CodeIgniter))
 6 FCPATH\index.php(56): CodeIgniter\Boot::bootWeb(Object(Config\Paths))
CRITICAL - 2025-06-16 07:49:15 --> ErrorException: Undefined variable $kassosial
[Method: GET, Route: Admin]
in APPPATH\Views\v_dashboard.php on line 19.
 1 APPPATH\Views\v_dashboard.php(19): CodeIgniter\Debug\Exceptions->errorHandler(2, 'Undefined variable $kassosial', 'C:\\laragon\\www\\sistem-informasi-masjid\\app\\Views\\v_dashboard.php', 19)
 2 SYSTEMPATH\View\View.php(224): include('C:\\laragon\\www\\sistem-informasi-masjid\\app\\Views\\v_dashboard.php')
 3 SYSTEMPATH\View\View.php(227): CodeIgniter\View\View->CodeIgniter\View\{closure}()
 4 SYSTEMPATH\Common.php(1173): CodeIgniter\View\View->render('v_dashboard', [], true)
 5 APPPATH\Views\v_template_admin.php(255): view('v_dashboard')
 6 SYSTEMPATH\View\View.php(224): include('C:\\laragon\\www\\sistem-informasi-masjid\\app\\Views\\v_template_admin.php')
 7 SYSTEMPATH\View\View.php(227): CodeIgniter\View\View->CodeIgniter\View\{closure}()
 8 SYSTEMPATH\Common.php(1173): CodeIgniter\View\View->render('v_template_admin', [], true)
 9 APPPATH\Controllers\Admin.php(34): view('v_template_admin', [...])
10 SYSTEMPATH\CodeIgniter.php(933): App\Controllers\Admin->index()
11 SYSTEMPATH\CodeIgniter.php(507): CodeIgniter\CodeIgniter->runController(Object(App\Controllers\Admin))
12 SYSTEMPATH\CodeIgniter.php(354): CodeIgniter\CodeIgniter->handleRequest(null, Object(Config\Cache), false)
13 SYSTEMPATH\Boot.php(334): CodeIgniter\CodeIgniter->run()
14 SYSTEMPATH\Boot.php(67): CodeIgniter\Boot::runCodeIgniter(Object(CodeIgniter\CodeIgniter))
15 FCPATH\index.php(56): CodeIgniter\Boot::bootWeb(Object(Config\Paths))
CRITICAL - 2025-06-16 07:49:25 --> ErrorException: Undefined variable $kassosial
[Method: GET, Route: Admin]
in APPPATH\Views\v_dashboard.php on line 19.
 1 APPPATH\Views\v_dashboard.php(19): CodeIgniter\Debug\Exceptions->errorHandler(2, 'Undefined variable $kassosial', 'C:\\laragon\\www\\sistem-informasi-masjid\\app\\Views\\v_dashboard.php', 19)
 2 SYSTEMPATH\View\View.php(224): include('C:\\laragon\\www\\sistem-informasi-masjid\\app\\Views\\v_dashboard.php')
 3 SYSTEMPATH\View\View.php(227): CodeIgniter\View\View->CodeIgniter\View\{closure}()
 4 SYSTEMPATH\Common.php(1173): CodeIgniter\View\View->render('v_dashboard', [], true)
 5 APPPATH\Views\v_template_admin.php(255): view('v_dashboard')
 6 SYSTEMPATH\View\View.php(224): include('C:\\laragon\\www\\sistem-informasi-masjid\\app\\Views\\v_template_admin.php')
 7 SYSTEMPATH\View\View.php(227): CodeIgniter\View\View->CodeIgniter\View\{closure}()
 8 SYSTEMPATH\Common.php(1173): CodeIgniter\View\View->render('v_template_admin', [], true)
 9 APPPATH\Controllers\Admin.php(34): view('v_template_admin', [...])
10 SYSTEMPATH\CodeIgniter.php(933): App\Controllers\Admin->index()
11 SYSTEMPATH\CodeIgniter.php(507): CodeIgniter\CodeIgniter->runController(Object(App\Controllers\Admin))
12 SYSTEMPATH\CodeIgniter.php(354): CodeIgniter\CodeIgniter->handleRequest(null, Object(Config\Cache), false)
13 SYSTEMPATH\Boot.php(334): CodeIgniter\CodeIgniter->run()
14 SYSTEMPATH\Boot.php(67): CodeIgniter\Boot::runCodeIgniter(Object(CodeIgniter\CodeIgniter))
15 FCPATH\index.php(56): CodeIgniter\Boot::bootWeb(Object(Config\Paths))
CRITICAL - 2025-06-16 07:49:36 --> ErrorException: Undefined variable $kassosial
[Method: GET, Route: Admin]
in APPPATH\Views\v_dashboard.php on line 19.
 1 APPPATH\Views\v_dashboard.php(19): CodeIgniter\Debug\Exceptions->errorHandler(2, 'Undefined variable $kassosial', 'C:\\laragon\\www\\sistem-informasi-masjid\\app\\Views\\v_dashboard.php', 19)
 2 SYSTEMPATH\View\View.php(224): include('C:\\laragon\\www\\sistem-informasi-masjid\\app\\Views\\v_dashboard.php')
 3 SYSTEMPATH\View\View.php(227): CodeIgniter\View\View->CodeIgniter\View\{closure}()
 4 SYSTEMPATH\Common.php(1173): CodeIgniter\View\View->render('v_dashboard', [], true)
 5 APPPATH\Views\v_template_admin.php(255): view('v_dashboard')
 6 SYSTEMPATH\View\View.php(224): include('C:\\laragon\\www\\sistem-informasi-masjid\\app\\Views\\v_template_admin.php')
 7 SYSTEMPATH\View\View.php(227): CodeIgniter\View\View->CodeIgniter\View\{closure}()
 8 SYSTEMPATH\Common.php(1173): CodeIgniter\View\View->render('v_template_admin', [], true)
 9 APPPATH\Controllers\Admin.php(31): view('v_template_admin', [...])
10 SYSTEMPATH\CodeIgniter.php(933): App\Controllers\Admin->index()
11 SYSTEMPATH\CodeIgniter.php(507): CodeIgniter\CodeIgniter->runController(Object(App\Controllers\Admin))
12 SYSTEMPATH\CodeIgniter.php(354): CodeIgniter\CodeIgniter->handleRequest(null, Object(Config\Cache), false)
13 SYSTEMPATH\Boot.php(334): CodeIgniter\CodeIgniter->run()
14 SYSTEMPATH\Boot.php(67): CodeIgniter\Boot::runCodeIgniter(Object(CodeIgniter\CodeIgniter))
15 FCPATH\index.php(56): CodeIgniter\Boot::bootWeb(Object(Config\Paths))
CRITICAL - 2025-06-16 07:50:02 --> ErrorException: Undefined variable $kassosial
[Method: GET, Route: Admin]
in APPPATH\Views\v_dashboard.php on line 19.
 1 APPPATH\Views\v_dashboard.php(19): CodeIgniter\Debug\Exceptions->errorHandler(2, 'Undefined variable $kassosial', 'C:\\laragon\\www\\sistem-informasi-masjid\\app\\Views\\v_dashboard.php', 19)
 2 SYSTEMPATH\View\View.php(224): include('C:\\laragon\\www\\sistem-informasi-masjid\\app\\Views\\v_dashboard.php')
 3 SYSTEMPATH\View\View.php(227): CodeIgniter\View\View->CodeIgniter\View\{closure}()
 4 SYSTEMPATH\Common.php(1173): CodeIgniter\View\View->render('v_dashboard', [], true)
 5 APPPATH\Views\v_template_admin.php(255): view('v_dashboard')
 6 SYSTEMPATH\View\View.php(224): include('C:\\laragon\\www\\sistem-informasi-masjid\\app\\Views\\v_template_admin.php')
 7 SYSTEMPATH\View\View.php(227): CodeIgniter\View\View->CodeIgniter\View\{closure}()
 8 SYSTEMPATH\Common.php(1173): CodeIgniter\View\View->render('v_template_admin', [], true)
 9 APPPATH\Controllers\Admin.php(31): view('v_template_admin', [...])
10 SYSTEMPATH\CodeIgniter.php(933): App\Controllers\Admin->index()
11 SYSTEMPATH\CodeIgniter.php(507): CodeIgniter\CodeIgniter->runController(Object(App\Controllers\Admin))
12 SYSTEMPATH\CodeIgniter.php(354): CodeIgniter\CodeIgniter->handleRequest(null, Object(Config\Cache), false)
13 SYSTEMPATH\Boot.php(334): CodeIgniter\CodeIgniter->run()
14 SYSTEMPATH\Boot.php(67): CodeIgniter\Boot::runCodeIgniter(Object(CodeIgniter\CodeIgniter))
15 FCPATH\index.php(56): CodeIgniter\Boot::bootWeb(Object(Config\Paths))
CRITICAL - 2025-06-16 07:51:07 --> ErrorException: Undefined variable $kassosial
[Method: GET, Route: Admin]
in APPPATH\Views\v_dashboard.php on line 19.
 1 APPPATH\Views\v_dashboard.php(19): CodeIgniter\Debug\Exceptions->errorHandler(2, 'Undefined variable $kassosial', 'C:\\laragon\\www\\sistem-informasi-masjid\\app\\Views\\v_dashboard.php', 19)
 2 SYSTEMPATH\View\View.php(224): include('C:\\laragon\\www\\sistem-informasi-masjid\\app\\Views\\v_dashboard.php')
 3 SYSTEMPATH\View\View.php(227): CodeIgniter\View\View->CodeIgniter\View\{closure}()
 4 SYSTEMPATH\Common.php(1173): CodeIgniter\View\View->render('v_dashboard', [], true)
 5 APPPATH\Views\v_template_admin.php(255): view('v_dashboard')
 6 SYSTEMPATH\View\View.php(224): include('C:\\laragon\\www\\sistem-informasi-masjid\\app\\Views\\v_template_admin.php')
 7 SYSTEMPATH\View\View.php(227): CodeIgniter\View\View->CodeIgniter\View\{closure}()
 8 SYSTEMPATH\Common.php(1173): CodeIgniter\View\View->render('v_template_admin', [], true)
 9 APPPATH\Controllers\Admin.php(31): view('v_template_admin', [...])
10 SYSTEMPATH\CodeIgniter.php(933): App\Controllers\Admin->index()
11 SYSTEMPATH\CodeIgniter.php(507): CodeIgniter\CodeIgniter->runController(Object(App\Controllers\Admin))
12 SYSTEMPATH\CodeIgniter.php(354): CodeIgniter\CodeIgniter->handleRequest(null, Object(Config\Cache), false)
13 SYSTEMPATH\Boot.php(334): CodeIgniter\CodeIgniter->run()
14 SYSTEMPATH\Boot.php(67): CodeIgniter\Boot::runCodeIgniter(Object(CodeIgniter\CodeIgniter))
15 FCPATH\index.php(56): CodeIgniter\Boot::bootWeb(Object(Config\Paths))
CRITICAL - 2025-06-16 07:51:09 --> ErrorException: Undefined variable $kassosial
[Method: GET, Route: Admin]
in APPPATH\Views\v_dashboard.php on line 19.
 1 APPPATH\Views\v_dashboard.php(19): CodeIgniter\Debug\Exceptions->errorHandler(2, 'Undefined variable $kassosial', 'C:\\laragon\\www\\sistem-informasi-masjid\\app\\Views\\v_dashboard.php', 19)
 2 SYSTEMPATH\View\View.php(224): include('C:\\laragon\\www\\sistem-informasi-masjid\\app\\Views\\v_dashboard.php')
 3 SYSTEMPATH\View\View.php(227): CodeIgniter\View\View->CodeIgniter\View\{closure}()
 4 SYSTEMPATH\Common.php(1173): CodeIgniter\View\View->render('v_dashboard', [], true)
 5 APPPATH\Views\v_template_admin.php(255): view('v_dashboard')
 6 SYSTEMPATH\View\View.php(224): include('C:\\laragon\\www\\sistem-informasi-masjid\\app\\Views\\v_template_admin.php')
 7 SYSTEMPATH\View\View.php(227): CodeIgniter\View\View->CodeIgniter\View\{closure}()
 8 SYSTEMPATH\Common.php(1173): CodeIgniter\View\View->render('v_template_admin', [], true)
 9 APPPATH\Controllers\Admin.php(31): view('v_template_admin', [...])
10 SYSTEMPATH\CodeIgniter.php(933): App\Controllers\Admin->index()
11 SYSTEMPATH\CodeIgniter.php(507): CodeIgniter\CodeIgniter->runController(Object(App\Controllers\Admin))
12 SYSTEMPATH\CodeIgniter.php(354): CodeIgniter\CodeIgniter->handleRequest(null, Object(Config\Cache), false)
13 SYSTEMPATH\Boot.php(334): CodeIgniter\CodeIgniter->run()
14 SYSTEMPATH\Boot.php(67): CodeIgniter\Boot::runCodeIgniter(Object(CodeIgniter\CodeIgniter))
15 FCPATH\index.php(56): CodeIgniter\Boot::bootWeb(Object(Config\Paths))
CRITICAL - 2025-06-16 07:52:45 --> ErrorException: Undefined variable $kassosial
[Method: GET, Route: Admin]
in APPPATH\Views\v_dashboard.php on line 19.
 1 APPPATH\Views\v_dashboard.php(19): CodeIgniter\Debug\Exceptions->errorHandler(2, 'Undefined variable $kassosial', 'C:\\laragon\\www\\sistem-informasi-masjid\\app\\Views\\v_dashboard.php', 19)
 2 SYSTEMPATH\View\View.php(224): include('C:\\laragon\\www\\sistem-informasi-masjid\\app\\Views\\v_dashboard.php')
 3 SYSTEMPATH\View\View.php(227): CodeIgniter\View\View->CodeIgniter\View\{closure}()
 4 SYSTEMPATH\Common.php(1173): CodeIgniter\View\View->render('v_dashboard', [], true)
 5 APPPATH\Views\v_template_admin.php(255): view('v_dashboard')
 6 SYSTEMPATH\View\View.php(224): include('C:\\laragon\\www\\sistem-informasi-masjid\\app\\Views\\v_template_admin.php')
 7 SYSTEMPATH\View\View.php(227): CodeIgniter\View\View->CodeIgniter\View\{closure}()
 8 SYSTEMPATH\Common.php(1173): CodeIgniter\View\View->render('v_template_admin', [], true)
 9 APPPATH\Controllers\Admin.php(31): view('v_template_admin', [...])
10 SYSTEMPATH\CodeIgniter.php(933): App\Controllers\Admin->index()
11 SYSTEMPATH\CodeIgniter.php(507): CodeIgniter\CodeIgniter->runController(Object(App\Controllers\Admin))
12 SYSTEMPATH\CodeIgniter.php(354): CodeIgniter\CodeIgniter->handleRequest(null, Object(Config\Cache), false)
13 SYSTEMPATH\Boot.php(334): CodeIgniter\CodeIgniter->run()
14 SYSTEMPATH\Boot.php(67): CodeIgniter\Boot::runCodeIgniter(Object(CodeIgniter\CodeIgniter))
15 FCPATH\index.php(56): CodeIgniter\Boot::bootWeb(Object(Config\Paths))
CRITICAL - 2025-06-16 07:52:48 --> ErrorException: Undefined variable $kassosial
[Method: GET, Route: Admin]
in APPPATH\Views\v_dashboard.php on line 19.
 1 APPPATH\Views\v_dashboard.php(19): CodeIgniter\Debug\Exceptions->errorHandler(2, 'Undefined variable $kassosial', 'C:\\laragon\\www\\sistem-informasi-masjid\\app\\Views\\v_dashboard.php', 19)
 2 SYSTEMPATH\View\View.php(224): include('C:\\laragon\\www\\sistem-informasi-masjid\\app\\Views\\v_dashboard.php')
 3 SYSTEMPATH\View\View.php(227): CodeIgniter\View\View->CodeIgniter\View\{closure}()
 4 SYSTEMPATH\Common.php(1173): CodeIgniter\View\View->render('v_dashboard', [], true)
 5 APPPATH\Views\v_template_admin.php(255): view('v_dashboard')
 6 SYSTEMPATH\View\View.php(224): include('C:\\laragon\\www\\sistem-informasi-masjid\\app\\Views\\v_template_admin.php')
 7 SYSTEMPATH\View\View.php(227): CodeIgniter\View\View->CodeIgniter\View\{closure}()
 8 SYSTEMPATH\Common.php(1173): CodeIgniter\View\View->render('v_template_admin', [], true)
 9 APPPATH\Controllers\Admin.php(31): view('v_template_admin', [...])
10 SYSTEMPATH\CodeIgniter.php(933): App\Controllers\Admin->index()
11 SYSTEMPATH\CodeIgniter.php(507): CodeIgniter\CodeIgniter->runController(Object(App\Controllers\Admin))
12 SYSTEMPATH\CodeIgniter.php(354): CodeIgniter\CodeIgniter->handleRequest(null, Object(Config\Cache), false)
13 SYSTEMPATH\Boot.php(334): CodeIgniter\CodeIgniter->run()
14 SYSTEMPATH\Boot.php(67): CodeIgniter\Boot::runCodeIgniter(Object(CodeIgniter\CodeIgniter))
15 FCPATH\index.php(56): CodeIgniter\Boot::bootWeb(Object(Config\Paths))
CRITICAL - 2025-06-16 08:12:02 --> ErrorException: Undefined variable $kassosial
[Method: GET, Route: Admin]
in APPPATH\Views\v_dashboard.php on line 19.
 1 APPPATH\Views\v_dashboard.php(19): CodeIgniter\Debug\Exceptions->errorHandler(2, 'Undefined variable $kassosial', 'C:\\laragon\\www\\sistem-informasi-masjid\\app\\Views\\v_dashboard.php', 19)
 2 SYSTEMPATH\View\View.php(224): include('C:\\laragon\\www\\sistem-informasi-masjid\\app\\Views\\v_dashboard.php')
 3 SYSTEMPATH\View\View.php(227): CodeIgniter\View\View->CodeIgniter\View\{closure}()
 4 SYSTEMPATH\Common.php(1173): CodeIgniter\View\View->render('v_dashboard', [], true)
 5 APPPATH\Views\v_template_admin.php(255): view('v_dashboard')
 6 SYSTEMPATH\View\View.php(224): include('C:\\laragon\\www\\sistem-informasi-masjid\\app\\Views\\v_template_admin.php')
 7 SYSTEMPATH\View\View.php(227): CodeIgniter\View\View->CodeIgniter\View\{closure}()
 8 SYSTEMPATH\Common.php(1173): CodeIgniter\View\View->render('v_template_admin', [], true)
 9 APPPATH\Controllers\Admin.php(31): view('v_template_admin', [...])
10 SYSTEMPATH\CodeIgniter.php(933): App\Controllers\Admin->index()
11 SYSTEMPATH\CodeIgniter.php(507): CodeIgniter\CodeIgniter->runController(Object(App\Controllers\Admin))
12 SYSTEMPATH\CodeIgniter.php(354): CodeIgniter\CodeIgniter->handleRequest(null, Object(Config\Cache), false)
13 SYSTEMPATH\Boot.php(334): CodeIgniter\CodeIgniter->run()
14 SYSTEMPATH\Boot.php(67): CodeIgniter\Boot::runCodeIgniter(Object(CodeIgniter\CodeIgniter))
15 FCPATH\index.php(56): CodeIgniter\Boot::bootWeb(Object(Config\Paths))
CRITICAL - 2025-06-16 08:13:53 --> ErrorException: Undefined variable $kas_s
[Method: GET, Route: Admin]
in APPPATH\Views\v_dashboard.php on line 19.
 1 APPPATH\Views\v_dashboard.php(19): CodeIgniter\Debug\Exceptions->errorHandler(2, 'Undefined variable $kas_s', 'C:\\laragon\\www\\sistem-informasi-masjid\\app\\Views\\v_dashboard.php', 19)
 2 SYSTEMPATH\View\View.php(224): include('C:\\laragon\\www\\sistem-informasi-masjid\\app\\Views\\v_dashboard.php')
 3 SYSTEMPATH\View\View.php(227): CodeIgniter\View\View->CodeIgniter\View\{closure}()
 4 SYSTEMPATH\Common.php(1173): CodeIgniter\View\View->render('v_dashboard', [], true)
 5 APPPATH\Views\v_template_admin.php(255): view('v_dashboard')
 6 SYSTEMPATH\View\View.php(224): include('C:\\laragon\\www\\sistem-informasi-masjid\\app\\Views\\v_template_admin.php')
 7 SYSTEMPATH\View\View.php(227): CodeIgniter\View\View->CodeIgniter\View\{closure}()
 8 SYSTEMPATH\Common.php(1173): CodeIgniter\View\View->render('v_template_admin', [], true)
 9 APPPATH\Controllers\Admin.php(31): view('v_template_admin', [...])
10 SYSTEMPATH\CodeIgniter.php(933): App\Controllers\Admin->index()
11 SYSTEMPATH\CodeIgniter.php(507): CodeIgniter\CodeIgniter->runController(Object(App\Controllers\Admin))
12 SYSTEMPATH\CodeIgniter.php(354): CodeIgniter\CodeIgniter->handleRequest(null, Object(Config\Cache), false)
13 SYSTEMPATH\Boot.php(334): CodeIgniter\CodeIgniter->run()
14 SYSTEMPATH\Boot.php(67): CodeIgniter\Boot::runCodeIgniter(Object(CodeIgniter\CodeIgniter))
15 FCPATH\index.php(56): CodeIgniter\Boot::bootWeb(Object(Config\Paths))
CRITICAL - 2025-06-16 08:13:54 --> ErrorException: Undefined variable $kas_s
[Method: GET, Route: Admin]
in APPPATH\Views\v_dashboard.php on line 19.
 1 APPPATH\Views\v_dashboard.php(19): CodeIgniter\Debug\Exceptions->errorHandler(2, 'Undefined variable $kas_s', 'C:\\laragon\\www\\sistem-informasi-masjid\\app\\Views\\v_dashboard.php', 19)
 2 SYSTEMPATH\View\View.php(224): include('C:\\laragon\\www\\sistem-informasi-masjid\\app\\Views\\v_dashboard.php')
 3 SYSTEMPATH\View\View.php(227): CodeIgniter\View\View->CodeIgniter\View\{closure}()
 4 SYSTEMPATH\Common.php(1173): CodeIgniter\View\View->render('v_dashboard', [], true)
 5 APPPATH\Views\v_template_admin.php(255): view('v_dashboard')
 6 SYSTEMPATH\View\View.php(224): include('C:\\laragon\\www\\sistem-informasi-masjid\\app\\Views\\v_template_admin.php')
 7 SYSTEMPATH\View\View.php(227): CodeIgniter\View\View->CodeIgniter\View\{closure}()
 8 SYSTEMPATH\Common.php(1173): CodeIgniter\View\View->render('v_template_admin', [], true)
 9 APPPATH\Controllers\Admin.php(31): view('v_template_admin', [...])
10 SYSTEMPATH\CodeIgniter.php(933): App\Controllers\Admin->index()
11 SYSTEMPATH\CodeIgniter.php(507): CodeIgniter\CodeIgniter->runController(Object(App\Controllers\Admin))
12 SYSTEMPATH\CodeIgniter.php(354): CodeIgniter\CodeIgniter->handleRequest(null, Object(Config\Cache), false)
13 SYSTEMPATH\Boot.php(334): CodeIgniter\CodeIgniter->run()
14 SYSTEMPATH\Boot.php(67): CodeIgniter\Boot::runCodeIgniter(Object(CodeIgniter\CodeIgniter))
15 FCPATH\index.php(56): CodeIgniter\Boot::bootWeb(Object(Config\Paths))
CRITICAL - 2025-06-16 08:18:27 --> Error: Class "App\Models\ModelKasSosial" not found
[Method: GET, Route: Admin]
in APPPATH\Controllers\Admin.php on line 20.
 1 SYSTEMPATH\CodeIgniter.php(903): App\Controllers\Admin->__construct()
 2 SYSTEMPATH\CodeIgniter.php(498): CodeIgniter\CodeIgniter->createController()
 3 SYSTEMPATH\CodeIgniter.php(354): CodeIgniter\CodeIgniter->handleRequest(null, Object(Config\Cache), false)
 4 SYSTEMPATH\Boot.php(334): CodeIgniter\CodeIgniter->run()
 5 SYSTEMPATH\Boot.php(67): CodeIgniter\Boot::runCodeIgniter(Object(CodeIgniter\CodeIgniter))
 6 FCPATH\index.php(56): CodeIgniter\Boot::bootWeb(Object(Config\Paths))
CRITICAL - 2025-06-16 08:18:36 --> Error: Class "App\Models\ModelKasSosial" not found
[Method: GET, Route: Admin]
in APPPATH\Controllers\Admin.php on line 20.
 1 SYSTEMPATH\CodeIgniter.php(903): App\Controllers\Admin->__construct()
 2 SYSTEMPATH\CodeIgniter.php(498): CodeIgniter\CodeIgniter->createController()
 3 SYSTEMPATH\CodeIgniter.php(354): CodeIgniter\CodeIgniter->handleRequest(null, Object(Config\Cache), false)
 4 SYSTEMPATH\Boot.php(334): CodeIgniter\CodeIgniter->run()
 5 SYSTEMPATH\Boot.php(67): CodeIgniter\Boot::runCodeIgniter(Object(CodeIgniter\CodeIgniter))
 6 FCPATH\index.php(56): CodeIgniter\Boot::bootWeb(Object(Config\Paths))
DEBUG - 2025-06-16 08:19:03 --> Session: Class initialized using 'CodeIgniter\Session\Handlers\FileHandler' driver.
DEBUG - 2025-06-16 08:19:06 --> Session: Class initialized using 'CodeIgniter\Session\Handlers\FileHandler' driver.
CRITICAL - 2025-06-16 08:30:57 --> ErrorException: Cannot declare class App\Models\ModelKasMasjid, because the name is already in use
[Method: GET, Route: Admin]
in APPPATH\Models\ModelKasSosial.php on line 6.
 1 [internal function]: CodeIgniter\Debug\Exceptions->shutdownHandler()
CRITICAL - 2025-06-16 08:31:13 --> ErrorException: Cannot declare class App\Models\ModelKasMasjid, because the name is already in use
[Method: GET, Route: Admin]
in APPPATH\Models\ModelKasSosial.php on line 6.
 1 [internal function]: CodeIgniter\Debug\Exceptions->shutdownHandler()
CRITICAL - 2025-06-16 08:32:31 --> Error: Class "App\Models\ModelKasSosial" not found
[Method: GET, Route: Admin]
in APPPATH\Controllers\Admin.php on line 20.
 1 SYSTEMPATH\CodeIgniter.php(903): App\Controllers\Admin->__construct()
 2 SYSTEMPATH\CodeIgniter.php(498): CodeIgniter\CodeIgniter->createController()
 3 SYSTEMPATH\CodeIgniter.php(354): CodeIgniter\CodeIgniter->handleRequest(null, Object(Config\Cache), false)
 4 SYSTEMPATH\Boot.php(334): CodeIgniter\CodeIgniter->run()
 5 SYSTEMPATH\Boot.php(67): CodeIgniter\Boot::runCodeIgniter(Object(CodeIgniter\CodeIgniter))
 6 FCPATH\index.php(56): CodeIgniter\Boot::bootWeb(Object(Config\Paths))
CRITICAL - 2025-06-16 08:33:47 --> Error: Class "App\Models\ModelKasSosial" not found
[Method: GET, Route: Admin]
in APPPATH\Controllers\Admin.php on line 20.
 1 SYSTEMPATH\CodeIgniter.php(903): App\Controllers\Admin->__construct()
 2 SYSTEMPATH\CodeIgniter.php(498): CodeIgniter\CodeIgniter->createController()
 3 SYSTEMPATH\CodeIgniter.php(354): CodeIgniter\CodeIgniter->handleRequest(null, Object(Config\Cache), false)
 4 SYSTEMPATH\Boot.php(334): CodeIgniter\CodeIgniter->run()
 5 SYSTEMPATH\Boot.php(67): CodeIgniter\Boot::runCodeIgniter(Object(CodeIgniter\CodeIgniter))
 6 FCPATH\index.php(56): CodeIgniter\Boot::bootWeb(Object(Config\Paths))
CRITICAL - 2025-06-16 08:35:38 --> Error: Class "App\Models\ModelKasSosial" not found
[Method: GET, Route: Admin]
in APPPATH\Controllers\Admin.php on line 20.
 1 SYSTEMPATH\CodeIgniter.php(903): App\Controllers\Admin->__construct()
 2 SYSTEMPATH\CodeIgniter.php(498): CodeIgniter\CodeIgniter->createController()
 3 SYSTEMPATH\CodeIgniter.php(354): CodeIgniter\CodeIgniter->handleRequest(null, Object(Config\Cache), false)
 4 SYSTEMPATH\Boot.php(334): CodeIgniter\CodeIgniter->run()
 5 SYSTEMPATH\Boot.php(67): CodeIgniter\Boot::runCodeIgniter(Object(CodeIgniter\CodeIgniter))
 6 FCPATH\index.php(56): CodeIgniter\Boot::bootWeb(Object(Config\Paths))
DEBUG - 2025-06-16 08:39:19 --> Session: Class initialized using 'CodeIgniter\Session\Handlers\FileHandler' driver.
DEBUG - 2025-06-16 08:39:29 --> Session: Class initialized using 'CodeIgniter\Session\Handlers\FileHandler' driver.
DEBUG - 2025-06-16 09:27:15 --> Session: Class initialized using 'CodeIgniter\Session\Handlers\FileHandler' driver.
DEBUG - 2025-06-16 09:27:19 --> Session: Class initialized using 'CodeIgniter\Session\Handlers\FileHandler' driver.
DEBUG - 2025-06-16 09:27:25 --> Session: Class initialized using 'CodeIgniter\Session\Handlers\FileHandler' driver.
DEBUG - 2025-06-16 09:27:30 --> Session: Class initialized using 'CodeIgniter\Session\Handlers\FileHandler' driver.
DEBUG - 2025-06-16 09:28:15 --> Session: Class initialized using 'CodeIgniter\Session\Handlers\FileHandler' driver.
DEBUG - 2025-06-16 09:28:20 --> Session: Class initialized using 'CodeIgniter\Session\Handlers\FileHandler' driver.
DEBUG - 2025-06-16 09:33:58 --> Session: Class initialized using 'CodeIgniter\Session\Handlers\FileHandler' driver.
DEBUG - 2025-06-16 09:34:04 --> Session: Class initialized using 'CodeIgniter\Session\Handlers\FileHandler' driver.
DEBUG - 2025-06-16 09:34:11 --> Session: Class initialized using 'CodeIgniter\Session\Handlers\FileHandler' driver.
DEBUG - 2025-06-16 09:34:42 --> Session: Class initialized using 'CodeIgniter\Session\Handlers\FileHandler' driver.
DEBUG - 2025-06-16 09:34:46 --> Session: Class initialized using 'CodeIgniter\Session\Handlers\FileHandler' driver.
DEBUG - 2025-06-16 09:35:24 --> Session: Class initialized using 'CodeIgniter\Session\Handlers\FileHandler' driver.
DEBUG - 2025-06-16 09:35:28 --> Session: Class initialized using 'CodeIgniter\Session\Handlers\FileHandler' driver.
DEBUG - 2025-06-16 09:35:39 --> Session: Class initialized using 'CodeIgniter\Session\Handlers\FileHandler' driver.
